[0.014s] Invoking command in '/home/chathushka-sutd/ros2_ws_exp/build/exploration': CMAKE_PREFIX_PATH=${CMAKE_PREFIX_PATH}:/home/chathushka-sutd/ros2_ws/install/my_package2:/opt/ros/humble /usr/bin/cmake --build /home/chathushka-sutd/ros2_ws_exp/build/exploration -- -j16 -l16
[0.028s] -- Found ament_cmake: 1.3.3 (/opt/ros/humble/share/ament_cmake/cmake)
[0.123s] -- Override CMake install command with custom implementation using symlinks instead of copying resources
[0.128s] -- Found rclcpp: 16.0.3 (/opt/ros/humble/share/rclcpp/cmake)
[0.148s] -- Found rosidl_generator_c: 3.1.4 (/opt/ros/humble/share/rosidl_generator_c/cmake)
[0.150s] -- Found rosidl_adapter: 3.1.4 (/opt/ros/humble/share/rosidl_adapter/cmake)
[0.154s] -- Found rosidl_generator_cpp: 3.1.4 (/opt/ros/humble/share/rosidl_generator_cpp/cmake)
[0.161s] -- Using all available rosidl_typesupport_c: rosidl_typesupport_fastrtps_c;rosidl_typesupport_introspection_c
[0.171s] -- Using all available rosidl_typesupport_cpp: rosidl_typesupport_fastrtps_cpp;rosidl_typesupport_introspection_cpp
[0.210s] -- Found rmw_implementation_cmake: 6.1.1 (/opt/ros/humble/share/rmw_implementation_cmake/cmake)
[0.211s] -- Found rmw_fastrtps_cpp: 6.2.2 (/opt/ros/humble/share/rmw_fastrtps_cpp/cmake)
[0.292s] -- Using RMW implementation 'rmw_fastrtps_cpp' as default
[0.398s] -- Found geometry_msgs: 4.2.3 (/opt/ros/humble/share/geometry_msgs/cmake)
[0.427s] -- Found nav_msgs: 4.2.3 (/opt/ros/humble/share/nav_msgs/cmake)
[0.483s] -- Found visualization_msgs: 4.2.3 (/opt/ros/humble/share/visualization_msgs/cmake)
[0.629s] -- Found ament_lint_auto: 0.12.5 (/opt/ros/humble/share/ament_lint_auto/cmake)
[0.677s] -- Added test 'cppcheck' to perform static code analysis on C / C++ code
[0.678s] -- Configured cppcheck include dirs: $<BUILD_INTERFACE:/home/chathushka-sutd/ros2_ws_exp/src/exploration/include>
[0.678s] -- Configured cppcheck exclude dirs and/or files: 
[0.678s] -- Added test 'flake8' to check Python code syntax and style conventions
[0.678s] -- Added test 'lint_cmake' to check CMake code style
[0.678s] -- Added test 'pep257' to check Python code against some of the docstring style conventions in PEP 257
[0.679s] -- Added test 'uncrustify' to check C / C++ code style
[0.679s] -- Configured uncrustify additional arguments: 
[0.679s] -- Added test 'xmllint' to check XML markup files
[0.679s] -- Configuring done
[0.686s] -- Generating done
[0.687s] -- Build files have been written to: /home/chathushka-sutd/ros2_ws_exp/build/exploration
[0.708s] [35m[1mConsolidate compiler generated dependencies of target exec_exp[0m
[0.724s] [ 66%] [32mBuilding CXX object CMakeFiles/exec_exp.dir/src/exploration_code.cpp.o[0m
[0.724s] [ 66%] [32mBuilding CXX object CMakeFiles/exec_exp.dir/src/exploration_node.cpp.o[0m
[0.846s] [01m[K/home/chathushka-sutd/ros2_ws_exp/src/exploration/src/exploration_code.cpp:68:22:[m[K [01;31m[Kerror: [m[Kstray â€˜[01m[K`[m[Kâ€™ in program
[0.846s]    68 |         mapData=*msg;[01;31m[K`[m[K
[0.846s]       |                      [01;31m[K^[m[K
[2.424s] In file included from [01m[K/home/chathushka-sutd/ros2_ws_exp/src/exploration/src/exploration_node.cpp:1[m[K:
[2.425s] [01m[K/home/chathushka-sutd/ros2_ws_exp/src/exploration/include/exploration/exploration_code.hpp:24:40:[m[K [01;31m[Kerror: [m[Kâ€˜[01m[KOccupancyGrid[m[Kâ€™ in namespace â€˜[01m[Knav_msgs[m[Kâ€™ does not name a type
[2.425s]    24 |       void mapCallBack(const nav_msgs::[01;31m[KOccupancyGrid[m[K::ConstPtr& msg);
[2.425s]       |                                        [01;31m[K^~~~~~~~~~~~~[m[K
[2.425s] [01m[K/home/chathushka-sutd/ros2_ws_exp/src/exploration/include/exploration/exploration_code.hpp:24:63:[m[K [01;31m[Kerror: [m[Kexpected unqualified-id before â€˜[01m[K&[m[Kâ€™ token
[2.425s]    24 |       void mapCallBack(const nav_msgs::OccupancyGrid::ConstPtr[01;31m[K&[m[K msg);
[2.425s]       |                                                               [01;31m[K^[m[K
[2.425s] [01m[K/home/chathushka-sutd/ros2_ws_exp/src/exploration/include/exploration/exploration_code.hpp:24:63:[m[K [01;31m[Kerror: [m[Kexpected â€˜[01m[K)[m[Kâ€™ before â€˜[01m[K&[m[Kâ€™ token
[2.425s]    24 |       void mapCallBack[34m[K([m[Kconst nav_msgs::OccupancyGrid::ConstPtr[01;31m[K&[m[K msg);
[2.425s]       |                       [34m[K~[m[K                                       [01;31m[K^[m[K
[2.425s]       |                                                               [32m[K)[m[K
[2.425s] [01m[K/home/chathushka-sutd/ros2_ws_exp/src/exploration/include/exploration/exploration_code.hpp:24:63:[m[K [01;31m[Kerror: [m[Kexpected â€˜[01m[K;[m[Kâ€™ at end of member declaration
[2.425s]    24 |       void mapCallBack(const nav_msgs::OccupancyGrid::ConstPtr[01;31m[K&[m[K msg);
[2.425s]       |                                                               [01;31m[K^[m[K
[2.425s]       |                                                                [32m[K;[m[K
[2.425s] [01m[K/home/chathushka-sutd/ros2_ws_exp/src/exploration/include/exploration/exploration_code.hpp:24:65:[m[K [01;31m[Kerror: [m[Kâ€˜[01m[Kmsg[m[Kâ€™ does not name a type
[2.426s]    24 |       void mapCallBack(const nav_msgs::OccupancyGrid::ConstPtr& [01;31m[Kmsg[m[K);
[2.426s]       |                                                                 [01;31m[K^~~[m[K
[2.426s] [01m[K/home/chathushka-sutd/ros2_ws_exp/src/exploration/include/exploration/exploration_code.hpp:25:50:[m[K [01;31m[Kerror: [m[Kâ€˜[01m[KOccupancyGrid[m[Kâ€™ in namespace â€˜[01m[Knav_msgs[m[Kâ€™ does not name a type
[2.426s]    25 |       void costmapMergedCallBack(const nav_msgs::[01;31m[KOccupancyGrid[m[K::ConstPtr& msg);
[2.426s]       |                                                  [01;31m[K^~~~~~~~~~~~~[m[K
[2.426s] [01m[K/home/chathushka-sutd/ros2_ws_exp/src/exploration/include/exploration/exploration_code.hpp:25:73:[m[K [01;31m[Kerror: [m[Kexpected unqualified-id before â€˜[01m[K&[m[Kâ€™ token
[2.426s]    25 |       void costmapMergedCallBack(const nav_msgs::OccupancyGrid::ConstPtr[01;31m[K&[m[K msg);
[2.426s]       |                                                                         [01;31m[K^[m[K
[2.426s] [01m[K/home/chathushka-sutd/ros2_ws_exp/src/exploration/include/exploration/exploration_code.hpp:25:73:[m[K [01;31m[Kerror: [m[Kexpected â€˜[01m[K)[m[Kâ€™ before â€˜[01m[K&[m[Kâ€™ token
[2.426s]    25 |       void costmapMergedCallBack[34m[K([m[Kconst nav_msgs::OccupancyGrid::ConstPtr[01;31m[K&[m[K msg);
[2.426s]       |                                 [34m[K~[m[K                                       [01;31m[K^[m[K
[2.426s]       |                                                                         [32m[K)[m[K
[2.426s] [01m[K/home/chathushka-sutd/ros2_ws_exp/src/exploration/include/exploration/exploration_code.hpp:25:73:[m[K [01;31m[Kerror: [m[Kexpected â€˜[01m[K;[m[Kâ€™ at end of member declaration
[2.426s]    25 |       void costmapMergedCallBack(const nav_msgs::OccupancyGrid::ConstPtr[01;31m[K&[m[K msg);
[2.426s]       |                                                                         [01;31m[K^[m[K
[2.426s]       |                                                                          [32m[K;[m[K
[2.426s] [01m[K/home/chathushka-sutd/ros2_ws_exp/src/exploration/include/exploration/exploration_code.hpp:25:75:[m[K [01;31m[Kerror: [m[Kâ€˜[01m[Kmsg[m[Kâ€™ does not name a type
[2.426s]    25 |       void costmapMergedCallBack(const nav_msgs::OccupancyGrid::ConstPtr& [01;31m[Kmsg[m[K);
[2.427s]       |                                                                           [01;31m[K^~~[m[K
[2.427s] [01m[K/home/chathushka-sutd/ros2_ws_exp/src/exploration/include/exploration/exploration_code.hpp:26:46:[m[K [01;31m[Kerror: [m[Kâ€˜[01m[KPointStamped[m[Kâ€™ in namespace â€˜[01m[Kgeometry_msgs[m[Kâ€™ does not name a type
[2.427s]    26 |       void rvizCallBack(const geometry_msgs::[01;31m[KPointStamped[m[K::ConstPtr& msg);
[2.427s]       |                                              [01;31m[K^~~~~~~~~~~~[m[K
[2.427s] [01m[K/home/chathushka-sutd/ros2_ws_exp/src/exploration/include/exploration/exploration_code.hpp:26:68:[m[K [01;31m[Kerror: [m[Kexpected unqualified-id before â€˜[01m[K&[m[Kâ€™ token
[2.427s]    26 |       void rvizCallBack(const geometry_msgs::PointStamped::ConstPtr[01;31m[K&[m[K msg);
[2.427s]       |                                                                    [01;31m[K^[m[K
[2.427s] [01m[K/home/chathushka-sutd/ros2_ws_exp/src/exploration/include/exploration/exploration_code.hpp:26:68:[m[K [01;31m[Kerror: [m[Kexpected â€˜[01m[K)[m[Kâ€™ before â€˜[01m[K&[m[Kâ€™ token
[2.427s]    26 |       void rvizCallBack[34m[K([m[Kconst geometry_msgs::PointStamped::ConstPtr[01;31m[K&[m[K msg);
[2.427s]       |                        [34m[K~[m[K                                           [01;31m[K^[m[K
[2.427s]       |                                                                    [32m[K)[m[K
[2.427s] [01m[K/home/chathushka-sutd/ros2_ws_exp/src/exploration/include/exploration/exploration_code.hpp:26:68:[m[K [01;31m[Kerror: [m[Kexpected â€˜[01m[K;[m[Kâ€™ at end of member declaration
[2.427s]    26 |       void rvizCallBack(const geometry_msgs::PointStamped::ConstPtr[01;31m[K&[m[K msg);
[2.427s]       |                                                                    [01;31m[K^[m[K
[2.427s]       |                                                                     [32m[K;[m[K
[2.427s] [01m[K/home/chathushka-sutd/ros2_ws_exp/src/exploration/include/exploration/exploration_code.hpp:26:70:[m[K [01;31m[Kerror: [m[Kâ€˜[01m[Kmsg[m[Kâ€™ does not name a type
[2.427s]    26 |       void rvizCallBack(const geometry_msgs::PointStamped::ConstPtr& [01;31m[Kmsg[m[K);
[2.427s]       |                                                                      [01;31m[K^~~[m[K
[2.448s] In file included from [01m[K/home/chathushka-sutd/ros2_ws_exp/src/exploration/src/exploration_code.cpp:1[m[K:
[2.448s] [01m[K/home/chathushka-sutd/ros2_ws_exp/src/exploration/include/exploration/exploration_code.hpp:24:40:[m[K [01;31m[Kerror: [m[Kâ€˜[01m[KOccupancyGrid[m[Kâ€™ in namespace â€˜[01m[Knav_msgs[m[Kâ€™ does not name a type
[2.448s]    24 |       void mapCallBack(const nav_msgs::[01;31m[KOccupancyGrid[m[K::ConstPtr& msg);
[2.448s]       |                                        [01;31m[K^~~~~~~~~~~~~[m[K
[2.448s] [01m[K/home/chathushka-sutd/ros2_ws_exp/src/exploration/include/exploration/exploration_code.hpp:24:63:[m[K [01;31m[Kerror: [m[Kexpected unqualified-id before â€˜[01m[K&[m[Kâ€™ token
[2.448s]    24 |       void mapCallBack(const nav_msgs::OccupancyGrid::ConstPtr[01;31m[K&[m[K msg);
[2.448s]       |                                                               [01;31m[K^[m[K
[2.448s] [01m[K/home/chathushka-sutd/ros2_ws_exp/src/exploration/include/exploration/exploration_code.hpp:24:63:[m[K [01;31m[Kerror: [m[Kexpected â€˜[01m[K)[m[Kâ€™ before â€˜[01m[K&[m[Kâ€™ token
[2.449s]    24 |       void mapCallBack[34m[K([m[Kconst nav_msgs::OccupancyGrid::ConstPtr[01;31m[K&[m[K msg);
[2.449s]       |                       [34m[K~[m[K                                       [01;31m[K^[m[K
[2.449s]       |                                                               [32m[K)[m[K
[2.449s] [01m[K/home/chathushka-sutd/ros2_ws_exp/src/exploration/include/exploration/exploration_code.hpp:24:63:[m[K [01;31m[Kerror: [m[Kexpected â€˜[01m[K;[m[Kâ€™ at end of member declaration
[2.449s]    24 |       void mapCallBack(const nav_msgs::OccupancyGrid::ConstPtr[01;31m[K&[m[K msg);
[2.449s]       |                                                               [01;31m[K^[m[K
[2.449s]       |                                                                [32m[K;[m[K
[2.449s] [01m[K/home/chathushka-sutd/ros2_ws_exp/src/exploration/include/exploration/exploration_code.hpp:24:65:[m[K [01;31m[Kerror: [m[Kâ€˜[01m[Kmsg[m[Kâ€™ does not name a type
[2.449s]    24 |       void mapCallBack(const nav_msgs::OccupancyGrid::ConstPtr& [01;31m[Kmsg[m[K);
[2.449s]       |                                                                 [01;31m[K^~~[m[K
[2.449s] [01m[K/home/chathushka-sutd/ros2_ws_exp/src/exploration/include/exploration/exploration_code.hpp:25:50:[m[K [01;31m[Kerror: [m[Kâ€˜[01m[KOccupancyGrid[m[Kâ€™ in namespace â€˜[01m[Knav_msgs[m[Kâ€™ does not name a type
[2.449s]    25 |       void costmapMergedCallBack(const nav_msgs::[01;31m[KOccupancyGrid[m[K::ConstPtr& msg);
[2.449s]       |                                                  [01;31m[K^~~~~~~~~~~~~[m[K
[2.449s] [01m[K/home/chathushka-sutd/ros2_ws_exp/src/exploration/include/exploration/exploration_code.hpp:25:73:[m[K [01;31m[Kerror: [m[Kexpected unqualified-id before â€˜[01m[K&[m[Kâ€™ token
[2.449s]    25 | id costmapMergedCallBack(const nav_msgs::OccupancyGrid::ConstPtr[01;31m[K&[m[K msg);
[2.450s]       |                                                                 [01;31m[K^[m[K
[2.450s] 
[2.450s] [01m[K/home/chathushka-sutd/ros2_ws_exp/src/exploration/include/exploration/exploration_code.hpp:25:73:[m[K [01;31m[Kerror: [m[Kexpected â€˜[01m[K)[m[Kâ€™ before â€˜[01m[K&[m[Kâ€™ token
[2.450s]    25 | id costmapMergedCallBack[34m[K([m[Kconst nav_msgs::OccupancyGrid::ConstPtr[01;31m[K&[m[K msg);
[2.450s]       |                         [34m[K~[m[K                                       [01;31m[K^[m[K
[2.450s]       |                                                                 [32m[K)[m[K
[2.450s] [01m[K/home/chathushka-sutd/ros2_ws_exp/src/exploration/include/exploration/exploration_code.hpp:25:73:[m[K [01;31m[Kerror: [m[Kexpected â€˜[01m[K;[m[Kâ€™ at end of member declaration
[2.450s]    25 | id costmapMergedCallBack(const nav_msgs::OccupancyGrid::ConstPtr[01;31m[K&[m[K msg);
[2.450s]       |                                                                 [01;31m[K^[m[K
[2.450s]       |                                                                  [32m[K;[m[K
[2.450s] [01m[K/home/chathushka-sutd/ros2_ws_exp/src/exploration/include/exploration/exploration_code.hpp:25:75:[m[K [01;31m[Kerror: [m[Kâ€˜[01m[Kmsg[m[Kâ€™ does not name a type
[2.450s]    25 | id costmapMergedCallBack(const nav_msgs::OccupancyGrid::ConstPtr& [01;31m[Kmsg[m[K);
[2.451s]       |                                                                   [01;31m[K^~~[m[K
[2.451s] 
[2.451s] [01m[K/home/chathushka-sutd/ros2_ws_exp/src/exploration/include/exploration/exploration_code.hpp:26:46:[m[K [01;31m[Kerror: [m[Kâ€˜[01m[KPointStamped[m[Kâ€™ in namespace â€˜[01m[Kgeometry_msgs[m[Kâ€™ does not name a type
[2.451s]    26 |       void rvizCallBack(const geometry_msgs::[01;31m[KPointStamped[m[K::ConstPtr& msg);
[2.451s]       |                                              [01;31m[K^~~~~~~~~~~~[m[K
[2.451s] [01m[K/home/chathushka-sutd/ros2_ws_exp/src/exploration/include/exploration/exploration_code.hpp:26:68:[m[K [01;31m[Kerror: [m[Kexpected unqualified-id before â€˜[01m[K&[m[Kâ€™ token
[2.451s]    26 |    void rvizCallBack(const geometry_msgs::PointStamped::ConstPtr[01;31m[K&[m[K msg);
[2.451s]       |                                                                 [01;31m[K^[m[K
[2.451s] 
[2.451s] [01m[K/home/chathushka-sutd/ros2_ws_exp/src/exploration/include/exploration/exploration_code.hpp:26:68:[m[K [01;31m[Kerror: [m[Kexpected â€˜[01m[K)[m[Kâ€™ before â€˜[01m[K&[m[Kâ€™ token
[2.451s]    26 |    void rvizCallBack[34m[K([m[Kconst geometry_msgs::PointStamped::ConstPtr[01;31m[K&[m[K msg);
[2.451s]       |                     [34m[K~[m[K                                           [01;31m[K^[m[K
[2.451s]       |                                                                 [32m[K)[m[K
[2.451s] [01m[K/home/chathushka-sutd/ros2_ws_exp/src/exploration/include/exploration/exploration_code.hpp:26:68:[m[K [01;31m[Kerror: [m[Kexpected â€˜[01m[K;[m[Kâ€™ at end of member declaration
[2.451s]    26 |    void rvizCallBack(const geometry_msgs::PointStamped::ConstPtr[01;31m[K&[m[K msg);
[2.451s]       |                                                                 [01;31m[K^[m[K
[2.451s]       |                                                                  [32m[K;[m[K
[2.452s] [01m[K/home/chathushka-sutd/ros2_ws_exp/src/exploration/include/exploration/exploration_code.hpp:26:70:[m[K [01;31m[Kerror: [m[Kâ€˜[01m[Kmsg[m[Kâ€™ does not name a type
[2.452s]    26 |    void rvizCallBack(const geometry_msgs::PointStamped::ConstPtr& [01;31m[Kmsg[m[K);
[2.452s]       |                                                                   [01;31m[K^~~[m[K
[2.452s] 
[2.458s] [01m[K/home/chathushka-sutd/ros2_ws_exp/src/exploration/include/exploration/exploration_code.hpp:51:27:[m[K [01;31m[Kerror: [m[Kâ€˜[01m[KPointStamped[m[Kâ€™ in namespace â€˜[01m[Kgeometry_msgs::msg[m[Kâ€™ does not name a type
[2.458s]    51 |       geometry_msgs::msg::[01;31m[KPointStamped[m[K clickedpoint;
[2.458s]       |                           [01;31m[K^~~~~~~~~~~~[m[K
[2.482s] [01m[K/home/chathushka-sutd/ros2_ws_exp/src/exploration/include/exploration/exploration_code.hpp:51:27:[m[K [01;31m[Kerror: [m[Kâ€˜[01m[KPointStamped[m[Kâ€™ in namespace â€˜[01m[Kgeometry_msgs::msg[m[Kâ€™ does not name a type
[2.482s]    51 |       geometry_msgs::msg::[01;31m[KPointStamped[m[K clickedpoint;
[2.482s]       |                           [01;31m[K^~~~~~~~~~~~[m[K
[2.497s] [01m[K/home/chathushka-sutd/ros2_ws_exp/src/exploration/src/exploration_code.cpp:[m[K In constructor â€˜[01m[Kexploration::MWFCN_Algo::MWFCN_Algo()[m[Kâ€™:
[2.497s] [01m[K/home/chathushka-sutd/ros2_ws_exp/src/exploration/src/exploration_code.cpp:48:126:[m[K [01;31m[Kerror: [m[Kâ€˜[01m[K_1[m[Kâ€™ was not declared in this scope; did you mean â€˜[01m[Kstd::placeholders::_1[m[Kâ€™?
[2.497s]    48 | ncyGrid>(map_topic, 10, std::bind(&MWFCN_Algo::mapCallBack, this, [01;31m[K_1[m[K));
[2.497s]       |                                                                   [01;31m[K^~[m[K
[2.497s]       |                                                                   [32m[Kstd::placeholders::_1[m[K
[2.497s] In file included from [01m[K/usr/include/c++/11/pstl/glue_algorithm_defs.h:13[m[K,
[2.497s]                  from [01m[K/usr/include/c++/11/algorithm:74[m[K,
[2.497s]                  from [01m[K/opt/ros/humble/include/rclcpp/rclcpp/executor.hpp:18[m[K,
[2.497s]                  from [01m[K/opt/ros/humble/include/rclcpp/rclcpp/executors/multi_threaded_executor.hpp:25[m[K,
[2.497s]                  from [01m[K/opt/ros/humble/include/rclcpp/rclcpp/executors.hpp:21[m[K,
[2.497s]                  from [01m[K/opt/ros/humble/include/rclcpp/rclcpp/rclcpp.hpp:155[m[K,
[2.497s]                  from [01m[K/home/chathushka-sutd/ros2_ws_exp/src/exploration/include/exploration/exploration_code.hpp:5[m[K,
[2.498s]                  from [01m[K/home/chathushka-sutd/ros2_ws_exp/src/exploration/src/exploration_code.cpp:1[m[K:
[2.498s] [01m[K/usr/include/c++/11/functional:225:34:[m[K [01;36m[Knote: [m[Kâ€˜[01m[Kstd::placeholders::_1[m[Kâ€™ declared here
[2.498s]   225 |     extern const _Placeholder<1> [01;36m[K_1[m[K;
[2.498s]       |                                  [01;36m[K^~[m[K
[2.498s] [01m[K/home/chathushka-sutd/ros2_ws_exp/src/exploration/src/exploration_code.cpp:50:64:[m[K [01;31m[Kerror: [m[Kâ€˜[01m[KPointStamped[m[Kâ€™ is not a member of â€˜[01m[Kgeometry_msgs::msg[m[Kâ€™
[2.498s]    50 |    rviz_sub = this->create_subscription<geometry_msgs::msg::[01;31m[KPointStamped[m[K>("/clicked_point", 10, std::bind(&MWFCN_Algo::rvizCallBack, this, _1));
[2.498s]       |                                                             [01;31m[K^~~~~~~~~~~~[m[K
[2.498s] 
[2.507s] [01m[K/home/chathushka-sutd/ros2_ws_exp/src/exploration/src/exploration_code.cpp:[m[K At global scope:
[2.507s] [01m[K/home/chathushka-sutd/ros2_ws_exp/src/exploration/src/exploration_code.cpp:65:67:[m[K [01;35m[Kwarning: [m[Kâ€˜[01m[Knav_msgs::msg::OccupancyGrid_<std::allocator<void> >::ConstPtr[m[Kâ€™ is deprecated [[01;35m[K]8;;https://gcc.gnu.org/onlinedocs/gcc/Warning-Options.html#index-Wdeprecated-declarations-Wdeprecated-declarations]8;;[m[K]
[2.507s]    65 | void mapCallBack(const nav_msgs::msg::OccupancyGrid::ConstPtr& msg[01;35m[K)[m[K
[2.507s]       |                                                                   [01;35m[K^[m[K
[2.507s] In file included from [01m[K/opt/ros/humble/include/nav_msgs/nav_msgs/msg/occupancy_grid.hpp:7[m[K,
[2.507s]                  from [01m[K/home/chathushka-sutd/ros2_ws_exp/src/exploration/include/exploration/exploration_code.hpp:7[m[K,
[2.507s]                  from [01m[K/home/chathushka-sutd/ros2_ws_exp/src/exploration/src/exploration_code.cpp:1[m[K:
[2.507s] [01m[K/opt/ros/humble/include/nav_msgs/nav_msgs/msg/detail/occupancy_grid__struct.hpp:124:5:[m[K [01;36m[Knote: [m[Kdeclared here
[2.507s]   124 |     [01;36m[KConstPtr[m[K;
[2.507s]       |     [01;36m[K^~~~~~~~[m[K
[2.510s] [01m[K/home/chathushka-sutd/ros2_ws_exp/src/exploration/src/exploration_code.cpp:[m[K In function â€˜[01m[Kvoid mapCallBack(const ConstPtr&)[m[Kâ€™:
[2.510s] [01m[K/home/chathushka-sutd/ros2_ws_exp/src/exploration/src/exploration_code.cpp:68:9:[m[K [01;31m[Kerror: [m[Kâ€˜[01m[KmapData[m[Kâ€™ was not declared in this scope
[2.510s]    68 |         [01;31m[KmapData[m[K=*msg;`
[2.510s]       |         [01;31m[K^~~~~~~[m[K
[2.511s] [01m[K/home/chathushka-sutd/ros2_ws_exp/src/exploration/src/exploration_code.cpp:[m[K At global scope:
[2.512s] [01m[K/home/chathushka-sutd/ros2_ws_exp/src/exploration/src/exploration_code.cpp:73:77:[m[K [01;35m[Kwarning: [m[Kâ€˜[01m[Knav_msgs::msg::OccupancyGrid_<std::allocator<void> >::ConstPtr[m[Kâ€™ is deprecated [[01;35m[K]8;;https://gcc.gnu.org/onlinedocs/gcc/Warning-Options.html#index-Wdeprecated-declarations-Wdeprecated-declarations]8;;[m[K]
[2.512s]    73 | ostmapMergedCallBack(const nav_msgs::msg::OccupancyGrid::ConstPtr& msg[01;35m[K)[m[K
[2.512s]       |                                                                       [01;35m[K^[m[K
[2.512s] 
[2.512s] In file included from [01m[K/opt/ros/humble/include/nav_msgs/nav_msgs/msg/occupancy_grid.hpp:7[m[K,
[2.512s]                  from [01m[K/home/chathushka-sutd/ros2_ws_exp/src/exploration/include/exploration/exploration_code.hpp:7[m[K,
[2.512s]                  from [01m[K/home/chathushka-sutd/ros2_ws_exp/src/exploration/src/exploration_code.cpp:1[m[K:
[2.512s] [01m[K/opt/ros/humble/include/nav_msgs/nav_msgs/msg/detail/occupancy_grid__struct.hpp:124:5:[m[K [01;36m[Knote: [m[Kdeclared here
[2.512s]   124 |     [01;36m[KConstPtr[m[K;
[2.512s]       |     [01;36m[K^~~~~~~~[m[K
[2.515s] [01m[K/home/chathushka-sutd/ros2_ws_exp/src/exploration/src/exploration_code.cpp:[m[K In function â€˜[01m[Kvoid costmapMergedCallBack(const ConstPtr&)[m[Kâ€™:
[2.515s] [01m[K/home/chathushka-sutd/ros2_ws_exp/src/exploration/src/exploration_code.cpp:76:9:[m[K [01;31m[Kerror: [m[Kâ€˜[01m[KcostmapData[m[Kâ€™ was not declared in this scope
[2.515s]    76 |         [01;31m[KcostmapData[m[K=*msg;
[2.515s]       |         [01;31m[K^~~~~~~~~~~[m[K
[2.515s] [01m[K/home/chathushka-sutd/ros2_ws_exp/src/exploration/src/exploration_code.cpp:[m[K At global scope:
[2.515s] [01m[K/home/chathushka-sutd/ros2_ws_exp/src/exploration/src/exploration_code.cpp:82:45:[m[K [01;31m[Kerror: [m[Kâ€˜[01m[KPointStamped[m[Kâ€™ in namespace â€˜[01m[Kgeometry_msgs::msg[m[Kâ€™ does not name a type
[2.515s]    82 | void rvizCallBack(const geometry_msgs::msg::[01;31m[KPointStamped[m[K::ConstPt& msg)
[2.515s]       |                                             [01;31m[K^~~~~~~~~~~~[m[K
[2.515s] [01m[K/home/chathushka-sutd/ros2_ws_exp/src/exploration/src/exploration_code.cpp:82:66:[m[K [01;31m[Kerror: [m[Kexpected unqualified-id before â€˜[01m[K&[m[Kâ€™ token
[2.515s]    82 | void rvizCallBack(const geometry_msgs::msg::PointStamped::ConstPt[01;31m[K&[m[K msg)
[2.516s]       |                                                                  [01;31m[K^[m[K
[2.516s] [01m[K/home/chathushka-sutd/ros2_ws_exp/src/exploration/src/exploration_code.cpp:82:66:[m[K [01;31m[Kerror: [m[Kexpected â€˜[01m[K)[m[Kâ€™ before â€˜[01m[K&[m[Kâ€™ token
[2.516s]    82 | void rvizCallBack[34m[K([m[Kconst geometry_msgs::msg::PointStamped::ConstPt[01;31m[K&[m[K msg)
[2.516s]       |                  [34m[K~[m[K                                               [01;31m[K^[m[K
[2.516s]       |                                                                  [32m[K)[m[K
[2.516s] [01m[K/home/chathushka-sutd/ros2_ws_exp/src/exploration/src/exploration_code.cpp:82:68:[m[K [01;31m[Kerror: [m[Kexpected initializer before â€˜[01m[Kmsg[m[Kâ€™
[2.516s]    82 | void rvizCallBack(const geometry_msgs::msg::PointStamped::ConstPt& [01;31m[Kmsg[m[K)
[2.516s]       |                                                                    [01;31m[K^~~[m[K
[2.520s] In file included from [01m[K/opt/ros/humble/include/rclcpp/rclcpp/client.hpp:40[m[K,
[2.520s]                  from [01m[K/opt/ros/humble/include/rclcpp/rclcpp/callback_group.hpp:24[m[K,
[2.520s]                  from [01m[K/opt/ros/humble/include/rclcpp/rclcpp/any_executable.hpp:20[m[K,
[2.520s]                  from [01m[K/opt/ros/humble/include/rclcpp/rclcpp/memory_strategy.hpp:25[m[K,
[2.520s]                  from [01m[K/opt/ros/humble/include/rclcpp/rclcpp/memory_strategies.hpp:18[m[K,
[2.520s]                  from [01m[K/opt/ros/humble/include/rclcpp/rclcpp/executor_options.hpp:20[m[K,
[2.520s]                  from [01m[K/opt/ros/humble/include/rclcpp/rclcpp/executor.hpp:37[m[K,
[2.520s]                  from [01m[K/opt/ros/humble/include/rclcpp/rclcpp/executors/multi_threaded_executor.hpp:25[m[K,
[2.520s]                  from [01m[K/opt/ros/humble/include/rclcpp/rclcpp/executors.hpp:21[m[K,
[2.520s]                  from [01m[K/opt/ros/humble/include/rclcpp/rclcpp/rclcpp.hpp:155[m[K,
[2.520s]                  from [01m[K/home/chathushka-sutd/ros2_ws_exp/src/exploration/include/exploration/exploration_code.hpp:5[m[K,
[2.520s]                  from [01m[K/home/chathushka-sutd/ros2_ws_exp/src/exploration/src/exploration_code.cpp:1[m[K:
[2.520s] [01m[K/home/chathushka-sutd/ros2_ws_exp/src/exploration/src/exploration_code.cpp:[m[K In member function â€˜[01m[Kvoid exploration::MWFCN_Algo::debug_param()[m[Kâ€™:
[2.520s] [01m[K/home/chathushka-sutd/ros2_ws_exp/src/exploration/src/exploration_code.cpp:93:69:[m[K [01;31m[Kerror: [m[Kâ€˜[01m[Kmap_topic[m[Kâ€™ was not declared in this scope
[2.520s]    93 | RCLCPP_INFO_STREAM(MWFCN_Algo::get_logger(), "Map topic: " << [01;31m[Kmap_topic[m[K
[2.520s]       |                                                               [01;31m[K^~~~~~~~~[m[K
[2.520s] 
[2.525s] [01m[K/home/chathushka-sutd/ros2_ws_exp/src/exploration/src/exploration_code.cpp:94:30:[m[K [01;31m[Kerror: [m[Kâ€˜[01m[Kcostmap_topic[m[Kâ€™ was not declared in this scope
[2.525s]    94 |       <<"\ncostmap_topic: "<<[01;31m[Kcostmap_topic[m[K
[2.525s]       |                              [01;31m[K^~~~~~~~~~~~~[m[K
[2.814s] gmake[2]: *** [CMakeFiles/exec_exp.dir/build.make:90: CMakeFiles/exec_exp.dir/src/exploration_node.cpp.o] Error 1
[2.814s] gmake[2]: *** Waiting for unfinished jobs....
[3.139s] gmake[2]: *** [CMakeFiles/exec_exp.dir/build.make:76: CMakeFiles/exec_exp.dir/src/exploration_code.cpp.o] Error 1
[3.139s] gmake[1]: *** [CMakeFiles/Makefile2:137: CMakeFiles/exec_exp.dir/all] Error 2
[3.139s] gmake: *** [Makefile:146: all] Error 2
[3.140s] Invoked command in '/home/chathushka-sutd/ros2_ws_exp/build/exploration' returned '2': CMAKE_PREFIX_PATH=${CMAKE_PREFIX_PATH}:/home/chathushka-sutd/ros2_ws/install/my_package2:/opt/ros/humble /usr/bin/cmake --build /home/chathushka-sutd/ros2_ws_exp/build/exploration -- -j16 -l16
