[0.014s] Invoking command in '/home/chathushka-sutd/ros2_ws_exp/build/exploration': CMAKE_PREFIX_PATH=${CMAKE_PREFIX_PATH}:/home/chathushka-sutd/ros2_ws/install/my_package2:/opt/ros/humble /usr/bin/cmake --build /home/chathushka-sutd/ros2_ws_exp/build/exploration -- -j16 -l16
[0.039s] [35m[1mConsolidate compiler generated dependencies of target exec_exp[0m
[0.052s] [ 66%] [32mBuilding CXX object CMakeFiles/exec_exp.dir/src/exploration_node.cpp.o[0m
[0.052s] [ 66%] [32mBuilding CXX object CMakeFiles/exec_exp.dir/src/exploration_code.cpp.o[0m
[0.180s] [01m[K/home/chathushka-sutd/ros2_ws_exp/src/exploration/src/exploration_code.cpp:68:22:[m[K [01;31m[Kerror: [m[Kstray â€˜[01m[K`[m[Kâ€™ in program
[0.180s]    68 |         mapData=*msg;[01;31m[K`[m[K
[0.180s]       |                      [01;31m[K^[m[K
[1.796s] In file included from [01m[K/home/chathushka-sutd/ros2_ws_exp/src/exploration/src/exploration_code.cpp:1[m[K:
[1.796s] [01m[K/home/chathushka-sutd/ros2_ws_exp/src/exploration/include/exploration/exploration_code.hpp:24:40:[m[K [01;31m[Kerror: [m[Kâ€˜[01m[KOccupancyGrid[m[Kâ€™ in namespace â€˜[01m[Knav_msgs[m[Kâ€™ does not name a type
[1.796s]    24 |       void mapCallBack(const nav_msgs::[01;31m[KOccupancyGrid[m[K::ConstPtr& msg);
[1.796s]       |                                        [01;31m[K^~~~~~~~~~~~~[m[K
[1.796s] [01m[K/home/chathushka-sutd/ros2_ws_exp/src/exploration/include/exploration/exploration_code.hpp:24:63:[m[K [01;31m[Kerror: [m[Kexpected unqualified-id before â€˜[01m[K&[m[Kâ€™ token
[1.796s]    24 |       void mapCallBack(const nav_msgs::OccupancyGrid::ConstPtr[01;31m[K&[m[K msg);
[1.796s]       |                                                               [01;31m[K^[m[K
[1.796s] [01m[K/home/chathushka-sutd/ros2_ws_exp/src/exploration/include/exploration/exploration_code.hpp:24:63:[m[K [01;31m[Kerror: [m[Kexpected â€˜[01m[K)[m[Kâ€™ before â€˜[01m[K&[m[Kâ€™ token
[1.796s]    24 |       void mapCallBack[34m[K([m[Kconst nav_msgs::OccupancyGrid::ConstPtr[01;31m[K&[m[K msg);
[1.797s]       |                       [34m[K~[m[K                                       [01;31m[K^[m[K
[1.797s]       |                                                               [32m[K)[m[K
[1.797s] [01m[K/home/chathushka-sutd/ros2_ws_exp/src/exploration/include/exploration/exploration_code.hpp:24:63:[m[K [01;31m[Kerror: [m[Kexpected â€˜[01m[K;[m[Kâ€™ at end of member declaration
[1.797s]    24 |       void mapCallBack(const nav_msgs::OccupancyGrid::ConstPtr[01;31m[K&[m[K msg);
[1.797s]       |                                                               [01;31m[K^[m[K
[1.797s]       |                                                                [32m[K;[m[K
[1.797s] [01m[K/home/chathushka-sutd/ros2_ws_exp/src/exploration/include/exploration/exploration_code.hpp:24:65:[m[K [01;31m[Kerror: [m[Kâ€˜[01m[Kmsg[m[Kâ€™ does not name a type
[1.797s]    24 |       void mapCallBack(const nav_msgs::OccupancyGrid::ConstPtr& [01;31m[Kmsg[m[K);
[1.797s]       |                                                                 [01;31m[K^~~[m[K
[1.797s] [01m[K/home/chathushka-sutd/ros2_ws_exp/src/exploration/include/exploration/exploration_code.hpp:25:50:[m[K [01;31m[Kerror: [m[Kâ€˜[01m[KOccupancyGrid[m[Kâ€™ in namespace â€˜[01m[Knav_msgs[m[Kâ€™ does not name a type
[1.797s]    25 |       void costmapMergedCallBack(const nav_msgs::[01;31m[KOccupancyGrid[m[K::ConstPtr& msg);
[1.797s]       |                                                  [01;31m[K^~~~~~~~~~~~~[m[K
[1.797s] [01m[K/home/chathushka-sutd/ros2_ws_exp/src/exploration/include/exploration/exploration_code.hpp:25:73:[m[K [01;31m[Kerror: [m[Kexpected unqualified-id before â€˜[01m[K&[m[Kâ€™ token
[1.797s]    25 | id costmapMergedCallBack(const nav_msgs::OccupancyGrid::ConstPtr[01;31m[K&[m[K msg);
[1.797s]       |                                                                 [01;31m[K^[m[K
[1.797s] 
[1.798s] [01m[K/home/chathushka-sutd/ros2_ws_exp/src/exploration/include/exploration/exploration_code.hpp:25:73:[m[K [01;31m[Kerror: [m[Kexpected â€˜[01m[K)[m[Kâ€™ before â€˜[01m[K&[m[Kâ€™ token
[1.798s]    25 | id costmapMergedCallBack[34m[K([m[Kconst nav_msgs::OccupancyGrid::ConstPtr[01;31m[K&[m[K msg);
[1.798s]       |                         [34m[K~[m[K                                       [01;31m[K^[m[K
[1.798s]       |                                                                 [32m[K)[m[K
[1.798s] [01m[K/home/chathushka-sutd/ros2_ws_exp/src/exploration/include/exploration/exploration_code.hpp:25:73:[m[K [01;31m[Kerror: [m[Kexpected â€˜[01m[K;[m[Kâ€™ at end of member declaration
[1.798s]    25 | id costmapMergedCallBack(const nav_msgs::OccupancyGrid::ConstPtr[01;31m[K&[m[K msg);
[1.798s]       |                                                                 [01;31m[K^[m[K
[1.798s]       |                                                                  [32m[K;[m[K
[1.798s] [01m[K/home/chathushka-sutd/ros2_ws_exp/src/exploration/include/exploration/exploration_code.hpp:25:75:[m[K [01;31m[Kerror: [m[Kâ€˜[01m[Kmsg[m[Kâ€™ does not name a type
[1.798s]    25 | id costmapMergedCallBack(const nav_msgs::OccupancyGrid::ConstPtr& [01;31m[Kmsg[m[K);
[1.798s]       |                                                                   [01;31m[K^~~[m[K
[1.798s] 
[1.798s] [01m[K/home/chathushka-sutd/ros2_ws_exp/src/exploration/include/exploration/exploration_code.hpp:26:46:[m[K [01;31m[Kerror: [m[Kâ€˜[01m[KPointStamped[m[Kâ€™ in namespace â€˜[01m[Kgeometry_msgs[m[Kâ€™ does not name a type
[1.798s]    26 |       void rvizCallBack(const geometry_msgs::[01;31m[KPointStamped[m[K::ConstPtr& msg);
[1.798s]       |                                              [01;31m[K^~~~~~~~~~~~[m[K
[1.798s] [01m[K/home/chathushka-sutd/ros2_ws_exp/src/exploration/include/exploration/exploration_code.hpp:26:68:[m[K [01;31m[Kerror: [m[Kexpected unqualified-id before â€˜[01m[K&[m[Kâ€™ token
[1.798s]    26 |    void rvizCallBack(const geometry_msgs::PointStamped::ConstPtr[01;31m[K&[m[K msg);
[1.798s]       |                                                                 [01;31m[K^[m[K
[1.799s] 
[1.799s] [01m[K/home/chathushka-sutd/ros2_ws_exp/src/exploration/include/exploration/exploration_code.hpp:26:68:[m[K [01;31m[Kerror: [m[Kexpected â€˜[01m[K)[m[Kâ€™ before â€˜[01m[K&[m[Kâ€™ token
[1.799s]    26 |    void rvizCallBack[34m[K([m[Kconst geometry_msgs::PointStamped::ConstPtr[01;31m[K&[m[K msg);
[1.799s]       |                     [34m[K~[m[K                                           [01;31m[K^[m[K
[1.799s]       |                                                                 [32m[K)[m[K
[1.799s] [01m[K/home/chathushka-sutd/ros2_ws_exp/src/exploration/include/exploration/exploration_code.hpp:26:68:[m[K [01;31m[Kerror: [m[Kexpected â€˜[01m[K;[m[Kâ€™ at end of member declaration
[1.799s]    26 |    void rvizCallBack(const geometry_msgs::PointStamped::ConstPtr[01;31m[K&[m[K msg);
[1.799s]       |                                                                 [01;31m[K^[m[K
[1.799s]       |                                                                  [32m[K;[m[K
[1.799s] [01m[K/home/chathushka-sutd/ros2_ws_exp/src/exploration/include/exploration/exploration_code.hpp:26:70:[m[K [01;31m[Kerror: [m[Kâ€˜[01m[Kmsg[m[Kâ€™ does not name a type
[1.799s]    26 |    void rvizCallBack(const geometry_msgs::PointStamped::ConstPtr& [01;31m[Kmsg[m[K);
[1.799s]       |                                                                   [01;31m[K^~~[m[K
[1.799s] 
[1.831s] [01m[K/home/chathushka-sutd/ros2_ws_exp/src/exploration/include/exploration/exploration_code.hpp:51:27:[m[K [01;31m[Kerror: [m[Kâ€˜[01m[KPointStamped[m[Kâ€™ in namespace â€˜[01m[Kgeometry_msgs::msg[m[Kâ€™ does not name a type
[1.831s]    51 |       geometry_msgs::msg::[01;31m[KPointStamped[m[K clickedpoint;
[1.831s]       |                           [01;31m[K^~~~~~~~~~~~[m[K
[1.835s] In file included from [01m[K/home/chathushka-sutd/ros2_ws_exp/src/exploration/src/exploration_node.cpp:1[m[K:
[1.835s] [01m[K/home/chathushka-sutd/ros2_ws_exp/src/exploration/include/exploration/exploration_code.hpp:24:40:[m[K [01;31m[Kerror: [m[Kâ€˜[01m[KOccupancyGrid[m[Kâ€™ in namespace â€˜[01m[Knav_msgs[m[Kâ€™ does not name a type
[1.835s]    24 |       void mapCallBack(const nav_msgs::[01;31m[KOccupancyGrid[m[K::ConstPtr& msg);
[1.835s]       |                                        [01;31m[K^~~~~~~~~~~~~[m[K
[1.835s] [01m[K/home/chathushka-sutd/ros2_ws_exp/src/exploration/include/exploration/exploration_code.hpp:24:63:[m[K [01;31m[Kerror: [m[Kexpected unqualified-id before â€˜[01m[K&[m[Kâ€™ token
[1.835s]    24 |       void mapCallBack(const nav_msgs::OccupancyGrid::ConstPtr[01;31m[K&[m[K msg);
[1.835s]       |                                                               [01;31m[K^[m[K
[1.836s] [01m[K/home/chathushka-sutd/ros2_ws_exp/src/exploration/include/exploration/exploration_code.hpp:24:63:[m[K [01;31m[Kerror: [m[Kexpected â€˜[01m[K)[m[Kâ€™ before â€˜[01m[K&[m[Kâ€™ token
[1.836s]    24 |       void mapCallBack[34m[K([m[Kconst nav_msgs::OccupancyGrid::ConstPtr[01;31m[K&[m[K msg);
[1.836s]       |                       [34m[K~[m[K                                       [01;31m[K^[m[K
[1.836s]       |                                                               [32m[K)[m[K
[1.836s] [01m[K/home/chathushka-sutd/ros2_ws_exp/src/exploration/include/exploration/exploration_code.hpp:24:63:[m[K [01;31m[Kerror: [m[Kexpected â€˜[01m[K;[m[Kâ€™ at end of member declaration
[1.836s]    24 |       void mapCallBack(const nav_msgs::OccupancyGrid::ConstPtr[01;31m[K&[m[K msg);
[1.836s]       |                                                               [01;31m[K^[m[K
[1.836s]       |                                                                [32m[K;[m[K
[1.837s] [01m[K/home/chathushka-sutd/ros2_ws_exp/src/exploration/include/exploration/exploration_code.hpp:24:65:[m[K [01;31m[Kerror: [m[Kâ€˜[01m[Kmsg[m[Kâ€™ does not name a type
[1.837s]    24 |       void mapCallBack(const nav_msgs::OccupancyGrid::ConstPtr& [01;31m[Kmsg[m[K);
[1.837s]       |                                                                 [01;31m[K^~~[m[K
[1.837s] [01m[K/home/chathushka-sutd/ros2_ws_exp/src/exploration/include/exploration/exploration_code.hpp:25:50:[m[K [01;31m[Kerror: [m[Kâ€˜[01m[KOccupancyGrid[m[Kâ€™ in namespace â€˜[01m[Knav_msgs[m[Kâ€™ does not name a type
[1.837s]    25 |       void costmapMergedCallBack(const nav_msgs::[01;31m[KOccupancyGrid[m[K::ConstPtr& msg);
[1.837s]       |                                                  [01;31m[K^~~~~~~~~~~~~[m[K
[1.837s] [01m[K/home/chathushka-sutd/ros2_ws_exp/src/exploration/include/exploration/exploration_code.hpp:25:73:[m[K [01;31m[Kerror: [m[Kexpected unqualified-id before â€˜[01m[K&[m[Kâ€™ token
[1.837s]    25 |       void costmapMergedCallBack(const nav_msgs::OccupancyGrid::ConstPtr[01;31m[K&[m[K msg);
[1.837s]       |                                                                         [01;31m[K^[m[K
[1.837s] [01m[K/home/chathushka-sutd/ros2_ws_exp/src/exploration/include/exploration/exploration_code.hpp:25:73:[m[K [01;31m[Kerror: [m[Kexpected â€˜[01m[K)[m[Kâ€™ before â€˜[01m[K&[m[Kâ€™ token
[1.837s]    25 |       void costmapMergedCallBack[34m[K([m[Kconst nav_msgs::OccupancyGrid::ConstPtr[01;31m[K&[m[K msg);
[1.837s]       |                                 [34m[K~[m[K                                       [01;31m[K^[m[K
[1.837s]       |                                                                         [32m[K)[m[K
[1.837s] [01m[K/home/chathushka-sutd/ros2_ws_exp/src/exploration/include/exploration/exploration_code.hpp:25:73:[m[K [01;31m[Kerror: [m[Kexpected â€˜[01m[K;[m[Kâ€™ at end of member declaration
[1.837s]    25 |       void costmapMergedCallBack(const nav_msgs::OccupancyGrid::ConstPtr[01;31m[K&[m[K msg);
[1.837s]       |                                                                         [01;31m[K^[m[K
[1.837s]       |                                                                          [32m[K;[m[K
[1.838s] [01m[K/home/chathushka-sutd/ros2_ws_exp/src/exploration/include/exploration/exploration_code.hpp:25:75:[m[K [01;31m[Kerror: [m[Kâ€˜[01m[Kmsg[m[Kâ€™ does not name a type
[1.838s]    25 |       void costmapMergedCallBack(const nav_msgs::OccupancyGrid::ConstPtr& [01;31m[Kmsg[m[K);
[1.838s]       |                                                                           [01;31m[K^~~[m[K
[1.838s] [01m[K/home/chathushka-sutd/ros2_ws_exp/src/exploration/include/exploration/exploration_code.hpp:26:46:[m[K [01;31m[Kerror: [m[Kâ€˜[01m[KPointStamped[m[Kâ€™ in namespace â€˜[01m[Kgeometry_msgs[m[Kâ€™ does not name a type
[1.838s]    26 |       void rvizCallBack(const geometry_msgs::[01;31m[KPointStamped[m[K::ConstPtr& msg);
[1.838s]       |                                              [01;31m[K^~~~~~~~~~~~[m[K
[1.838s] [01m[K/home/chathushka-sutd/ros2_ws_exp/src/exploration/include/exploration/exploration_code.hpp:26:68:[m[K [01;31m[Kerror: [m[Kexpected unqualified-id before â€˜[01m[K&[m[Kâ€™ token
[1.838s]    26 |       void rvizCallBack(const geometry_msgs::PointStamped::ConstPtr[01;31m[K&[m[K msg);
[1.838s]       |                                                                    [01;31m[K^[m[K
[1.838s] [01m[K/home/chathushka-sutd/ros2_ws_exp/src/exploration/include/exploration/exploration_code.hpp:26:68:[m[K [01;31m[Kerror: [m[Kexpected â€˜[01m[K)[m[Kâ€™ before â€˜[01m[K&[m[Kâ€™ token
[1.838s]    26 |       void rvizCallBack[34m[K([m[Kconst geometry_msgs::PointStamped::ConstPtr[01;31m[K&[m[K msg);
[1.838s]       |                        [34m[K~[m[K                                           [01;31m[K^[m[K
[1.838s]       |                                                                    [32m[K)[m[K
[1.838s] [01m[K/home/chathushka-sutd/ros2_ws_exp/src/exploration/include/exploration/exploration_code.hpp:26:68:[m[K [01;31m[Kerror: [m[Kexpected â€˜[01m[K;[m[Kâ€™ at end of member declaration
[1.838s]    26 |       void rvizCallBack(const geometry_msgs::PointStamped::ConstPtr[01;31m[K&[m[K msg);
[1.838s]       |                                                                    [01;31m[K^[m[K
[1.839s]       |                                                                     [32m[K;[m[K
[1.839s] [01m[K/home/chathushka-sutd/ros2_ws_exp/src/exploration/include/exploration/exploration_code.hpp:26:70:[m[K [01;31m[Kerror: [m[Kâ€˜[01m[Kmsg[m[Kâ€™ does not name a type
[1.839s]    26 |       void rvizCallBack(const geometry_msgs::PointStamped::ConstPtr& [01;31m[Kmsg[m[K);
[1.839s]       |                                                                      [01;31m[K^~~[m[K
[1.847s] [01m[K/home/chathushka-sutd/ros2_ws_exp/src/exploration/src/exploration_code.cpp:[m[K In constructor â€˜[01m[Kexploration::MWFCN_Algo::MWFCN_Algo()[m[Kâ€™:
[1.847s] [01m[K/home/chathushka-sutd/ros2_ws_exp/src/exploration/src/exploration_code.cpp:48:126:[m[K [01;31m[Kerror: [m[Kâ€˜[01m[K_1[m[Kâ€™ was not declared in this scope; did you mean â€˜[01m[Kstd::placeholders::_1[m[Kâ€™?
[1.847s]    48 | ncyGrid>(map_topic, 10, std::bind(&MWFCN_Algo::mapCallBack, this, [01;31m[K_1[m[K));
[1.848s]       |                                                                   [01;31m[K^~[m[K
[1.848s]       |                                                                   [32m[Kstd::placeholders::_1[m[K
[1.848s] In file included from [01m[K/usr/include/c++/11/pstl/glue_algorithm_defs.h:13[m[K,
[1.848s]                  from [01m[K/usr/include/c++/11/algorithm:74[m[K,
[1.848s]                  from [01m[K/opt/ros/humble/include/rclcpp/rclcpp/executor.hpp:18[m[K,
[1.848s]                  from [01m[K/opt/ros/humble/include/rclcpp/rclcpp/executors/multi_threaded_executor.hpp:25[m[K,
[1.848s]                  from [01m[K/opt/ros/humble/include/rclcpp/rclcpp/executors.hpp:21[m[K,
[1.848s]                  from [01m[K/opt/ros/humble/include/rclcpp/rclcpp/rclcpp.hpp:155[m[K,
[1.848s]                  from [01m[K/home/chathushka-sutd/ros2_ws_exp/src/exploration/include/exploration/exploration_code.hpp:5[m[K,
[1.848s]                  from [01m[K/home/chathushka-sutd/ros2_ws_exp/src/exploration/src/exploration_code.cpp:1[m[K:
[1.848s] [01m[K/usr/include/c++/11/functional:225:34:[m[K [01;36m[Knote: [m[Kâ€˜[01m[Kstd::placeholders::_1[m[Kâ€™ declared here
[1.848s]   225 |     extern const _Placeholder<1> [01;36m[K_1[m[K;
[1.848s]       |                                  [01;36m[K^~[m[K
[1.848s] [01m[K/home/chathushka-sutd/ros2_ws_exp/src/exploration/src/exploration_code.cpp:50:64:[m[K [01;31m[Kerror: [m[Kâ€˜[01m[KPointStamped[m[Kâ€™ is not a member of â€˜[01m[Kgeometry_msgs::msg[m[Kâ€™
[1.848s]    50 |    rviz_sub = this->create_subscription<geometry_msgs::msg::[01;31m[KPointStamped[m[K>("/clicked_point", 10, std::bind(&MWFCN_Algo::rvizCallBack, this, _1));
[1.848s]       |                                                             [01;31m[K^~~~~~~~~~~~[m[K
[1.848s] 
[1.859s] [01m[K/home/chathushka-sutd/ros2_ws_exp/src/exploration/src/exploration_code.cpp:[m[K At global scope:
[1.859s] [01m[K/home/chathushka-sutd/ros2_ws_exp/src/exploration/src/exploration_code.cpp:65:67:[m[K [01;35m[Kwarning: [m[Kâ€˜[01m[Knav_msgs::msg::OccupancyGrid_<std::allocator<void> >::ConstPtr[m[Kâ€™ is deprecated [[01;35m[K]8;;https://gcc.gnu.org/onlinedocs/gcc/Warning-Options.html#index-Wdeprecated-declarations-Wdeprecated-declarations]8;;[m[K]
[1.859s]    65 | void mapCallBack(const nav_msgs::msg::OccupancyGrid::ConstPtr& msg[01;35m[K)[m[K
[1.859s]       |                                                                   [01;35m[K^[m[K
[1.859s] In file included from [01m[K/opt/ros/humble/include/nav_msgs/nav_msgs/msg/occupancy_grid.hpp:7[m[K,
[1.859s]                  from [01m[K/home/chathushka-sutd/ros2_ws_exp/src/exploration/include/exploration/exploration_code.hpp:7[m[K,
[1.859s]                  from [01m[K/home/chathushka-sutd/ros2_ws_exp/src/exploration/src/exploration_code.cpp:1[m[K:
[1.859s] [01m[K/opt/ros/humble/include/nav_msgs/nav_msgs/msg/detail/occupancy_grid__struct.hpp:124:5:[m[K [01;36m[Knote: [m[Kdeclared here
[1.859s]   124 |     [01;36m[KConstPtr[m[K;
[1.859s]       |     [01;36m[K^~~~~~~~[m[K
[1.862s] [01m[K/home/chathushka-sutd/ros2_ws_exp/src/exploration/src/exploration_code.cpp:[m[K In function â€˜[01m[Kvoid mapCallBack(const ConstPtr&)[m[Kâ€™:
[1.862s] [01m[K/home/chathushka-sutd/ros2_ws_exp/src/exploration/src/exploration_code.cpp:68:9:[m[K [01;31m[Kerror: [m[Kâ€˜[01m[KmapData[m[Kâ€™ was not declared in this scope
[1.862s]    68 |         [01;31m[KmapData[m[K=*msg;`
[1.862s]       |         [01;31m[K^~~~~~~[m[K
[1.864s] [01m[K/home/chathushka-sutd/ros2_ws_exp/src/exploration/src/exploration_code.cpp:[m[K At global scope:
[1.864s] [01m[K/home/chathushka-sutd/ros2_ws_exp/src/exploration/src/exploration_code.cpp:73:77:[m[K [01;35m[Kwarning: [m[Kâ€˜[01m[Knav_msgs::msg::OccupancyGrid_<std::allocator<void> >::ConstPtr[m[Kâ€™ is deprecated [[01;35m[K]8;;https://gcc.gnu.org/onlinedocs/gcc/Warning-Options.html#index-Wdeprecated-declarations-Wdeprecated-declarations]8;;[m[K]
[1.864s]    73 | ostmapMergedCallBack(const nav_msgs::msg::OccupancyGrid::ConstPtr& msg[01;35m[K)[m[K
[1.864s]       |                                                                       [01;35m[K^[m[K
[1.864s] 
[1.864s] In file included from [01m[K/opt/ros/humble/include/nav_msgs/nav_msgs/msg/occupancy_grid.hpp:7[m[K,
[1.864s]                  from [01m[K/home/chathushka-sutd/ros2_ws_exp/src/exploration/include/exploration/exploration_code.hpp:7[m[K,
[1.864s]                  from [01m[K/home/chathushka-sutd/ros2_ws_exp/src/exploration/src/exploration_code.cpp:1[m[K:
[1.864s] [01m[K/opt/ros/humble/include/nav_msgs/nav_msgs/msg/detail/occupancy_grid__struct.hpp:124:5:[m[K [01;36m[Knote: [m[Kdeclared here
[1.864s]   124 |     [01;36m[KConstPtr[m[K;
[1.864s]       |     [01;36m[K^~~~~~~~[m[K
[1.867s] [01m[K/home/chathushka-sutd/ros2_ws_exp/src/exploration/src/exploration_code.cpp:[m[K In function â€˜[01m[Kvoid costmapMergedCallBack(const ConstPtr&)[m[Kâ€™:
[1.868s] [01m[K/home/chathushka-sutd/ros2_ws_exp/src/exploration/src/exploration_code.cpp:76:9:[m[K [01;31m[Kerror: [m[Kâ€˜[01m[KcostmapData[m[Kâ€™ was not declared in this scope
[1.868s]    76 |         [01;31m[KcostmapData[m[K=*msg;
[1.868s]       |         [01;31m[K^~~~~~~~~~~[m[K
[1.868s] [01m[K/home/chathushka-sutd/ros2_ws_exp/src/exploration/src/exploration_code.cpp:[m[K At global scope:
[1.868s] [01m[K/home/chathushka-sutd/ros2_ws_exp/src/exploration/src/exploration_code.cpp:82:45:[m[K [01;31m[Kerror: [m[Kâ€˜[01m[KPointStamped[m[Kâ€™ in namespace â€˜[01m[Kgeometry_msgs::msg[m[Kâ€™ does not name a type
[1.868s]    82 | void rvizCallBack(const geometry_msgs::msg::[01;31m[KPointStamped[m[K::ConstPt& msg)
[1.868s]       |                                             [01;31m[K^~~~~~~~~~~~[m[K
[1.868s] [01m[K/home/chathushka-sutd/ros2_ws_exp/src/exploration/src/exploration_code.cpp:82:66:[m[K [01;31m[Kerror: [m[Kexpected unqualified-id before â€˜[01m[K&[m[Kâ€™ token
[1.868s]    82 | void rvizCallBack(const geometry_msgs::msg::PointStamped::ConstPt[01;31m[K&[m[K msg)
[1.868s]       |                                                                  [01;31m[K^[m[K
[1.868s] [01m[K/home/chathushka-sutd/ros2_ws_exp/src/exploration/src/exploration_code.cpp:82:66:[m[K [01;31m[Kerror: [m[Kexpected â€˜[01m[K)[m[Kâ€™ before â€˜[01m[K&[m[Kâ€™ token
[1.868s]    82 | void rvizCallBack[34m[K([m[Kconst geometry_msgs::msg::PointStamped::ConstPt[01;31m[K&[m[K msg)
[1.868s]       |                  [34m[K~[m[K                                               [01;31m[K^[m[K
[1.868s]       |                                                                  [32m[K)[m[K
[1.868s] [01m[K/home/chathushka-sutd/ros2_ws_exp/src/exploration/src/exploration_code.cpp:82:68:[m[K [01;31m[Kerror: [m[Kexpected initializer before â€˜[01m[Kmsg[m[Kâ€™
[1.868s]    82 | void rvizCallBack(const geometry_msgs::msg::PointStamped::ConstPt& [01;31m[Kmsg[m[K)
[1.868s]       |                                                                    [01;31m[K^~~[m[K
[1.870s] [01m[K/home/chathushka-sutd/ros2_ws_exp/src/exploration/include/exploration/exploration_code.hpp:51:27:[m[K [01;31m[Kerror: [m[Kâ€˜[01m[KPointStamped[m[Kâ€™ in namespace â€˜[01m[Kgeometry_msgs::msg[m[Kâ€™ does not name a type
[1.870s]    51 |       geometry_msgs::msg::[01;31m[KPointStamped[m[K clickedpoint;
[1.870s]       |                           [01;31m[K^~~~~~~~~~~~[m[K
[1.872s] In file included from [01m[K/opt/ros/humble/include/rclcpp/rclcpp/client.hpp:40[m[K,
[1.873s]                  from [01m[K/opt/ros/humble/include/rclcpp/rclcpp/callback_group.hpp:24[m[K,
[1.873s]                  from [01m[K/opt/ros/humble/include/rclcpp/rclcpp/any_executable.hpp:20[m[K,
[1.873s]                  from [01m[K/opt/ros/humble/include/rclcpp/rclcpp/memory_strategy.hpp:25[m[K,
[1.873s]                  from [01m[K/opt/ros/humble/include/rclcpp/rclcpp/memory_strategies.hpp:18[m[K,
[1.873s]                  from [01m[K/opt/ros/humble/include/rclcpp/rclcpp/executor_options.hpp:20[m[K,
[1.873s]                  from [01m[K/opt/ros/humble/include/rclcpp/rclcpp/executor.hpp:37[m[K,
[1.873s]                  from [01m[K/opt/ros/humble/include/rclcpp/rclcpp/executors/multi_threaded_executor.hpp:25[m[K,
[1.873s]                  from [01m[K/opt/ros/humble/include/rclcpp/rclcpp/executors.hpp:21[m[K,
[1.873s]                  from [01m[K/opt/ros/humble/include/rclcpp/rclcpp/rclcpp.hpp:155[m[K,
[1.873s]                  from [01m[K/home/chathushka-sutd/ros2_ws_exp/src/exploration/include/exploration/exploration_code.hpp:5[m[K,
[1.873s]                  from [01m[K/home/chathushka-sutd/ros2_ws_exp/src/exploration/src/exploration_code.cpp:1[m[K:
[1.873s] [01m[K/home/chathushka-sutd/ros2_ws_exp/src/exploration/src/exploration_code.cpp:[m[K In member function â€˜[01m[Kvoid exploration::MWFCN_Algo::debug_param()[m[Kâ€™:
[1.873s] [01m[K/home/chathushka-sutd/ros2_ws_exp/src/exploration/src/exploration_code.cpp:93:69:[m[K [01;31m[Kerror: [m[Kâ€˜[01m[Kmap_topic[m[Kâ€™ was not declared in this scope
[1.873s]    93 | RCLCPP_INFO_STREAM(MWFCN_Algo::get_logger(), "Map topic: " << [01;31m[Kmap_topic[m[K
[1.873s]       |                                                               [01;31m[K^~~~~~~~~[m[K
[1.873s] 
[1.878s] [01m[K/home/chathushka-sutd/ros2_ws_exp/src/exploration/src/exploration_code.cpp:94:30:[m[K [01;31m[Kerror: [m[Kâ€˜[01m[Kcostmap_topic[m[Kâ€™ was not declared in this scope
[1.878s]    94 |       <<"\ncostmap_topic: "<<[01;31m[Kcostmap_topic[m[K
[1.878s]       |                              [01;31m[K^~~~~~~~~~~~~[m[K
[2.238s] gmake[2]: *** [CMakeFiles/exec_exp.dir/build.make:90: CMakeFiles/exec_exp.dir/src/exploration_node.cpp.o] Error 1
[2.238s] gmake[2]: *** Waiting for unfinished jobs....
[2.502s] gmake[2]: *** [CMakeFiles/exec_exp.dir/build.make:76: CMakeFiles/exec_exp.dir/src/exploration_code.cpp.o] Error 1
[2.502s] gmake[1]: *** [CMakeFiles/Makefile2:137: CMakeFiles/exec_exp.dir/all] Error 2
[2.502s] gmake: *** [Makefile:146: all] Error 2
[2.504s] Invoked command in '/home/chathushka-sutd/ros2_ws_exp/build/exploration' returned '2': CMAKE_PREFIX_PATH=${CMAKE_PREFIX_PATH}:/home/chathushka-sutd/ros2_ws/install/my_package2:/opt/ros/humble /usr/bin/cmake --build /home/chathushka-sutd/ros2_ws_exp/build/exploration -- -j16 -l16
