[0.014s] Invoking command in '/home/chathushka-sutd/ros2_ws_exp/build/exploration': CMAKE_PREFIX_PATH=${CMAKE_PREFIX_PATH}:/home/chathushka-sutd/ros2_ws/install/my_package2:/opt/ros/humble /usr/bin/cmake --build /home/chathushka-sutd/ros2_ws_exp/build/exploration -- -j16 -l16
[0.037s] [35m[1mConsolidate compiler generated dependencies of target exec_exp[0m
[0.050s] [ 33%] [32mBuilding CXX object CMakeFiles/exec_exp.dir/src/exploration_node.cpp.o[0m
[0.050s] [ 66%] [32mBuilding CXX object CMakeFiles/exec_exp.dir/src/exploration_code.cpp.o[0m
[0.165s] In file included from [01m[K/home/chathushka-sutd/ros2_ws_exp/src/exploration/src/exploration_node.cpp:1[m[K:
[0.165s] [01m[K/home/chathushka-sutd/ros2_ws_exp/src/exploration/include/exploration/exploration_code.hpp:7:10:[m[K [01;31m[Kfatal error: [m[Knav_msgs/msg/occupancy_grid.hpp: No such file or directory
[0.165s]     7 | #include [01;31m[K"nav_msgs/msg/occupancy_grid.hpp"[m[K
[0.165s]       |          [01;31m[K^~~~~~~~~~~~~~~~~~~~~~~~~~~~~~~~~[m[K
[0.165s] compilation terminated.
[0.165s] In file included from [01m[K/home/chathushka-sutd/ros2_ws_exp/src/exploration/src/exploration_code.cpp:1[m[K:
[0.165s] [01m[K/home/chathushka-sutd/ros2_ws_exp/src/exploration/include/exploration/exploration_code.hpp:7:10:[m[K [01;31m[Kfatal error: [m[Knav_msgs/msg/occupancy_grid.hpp: No such file or directory
[0.165s]     7 | #include [01;31m[K"nav_msgs/msg/occupancy_grid.hpp"[m[K
[0.165s]       |          [01;31m[K^~~~~~~~~~~~~~~~~~~~~~~~~~~~~~~~~[m[K
[0.165s] compilation terminated.
[0.166s] gmake[2]: *** [CMakeFiles/exec_exp.dir/build.make:90: CMakeFiles/exec_exp.dir/src/exploration_node.cpp.o] Error 1
[0.166s] gmake[2]: *** Waiting for unfinished jobs....
[0.166s] gmake[2]: *** [CMakeFiles/exec_exp.dir/build.make:76: CMakeFiles/exec_exp.dir/src/exploration_code.cpp.o] Error 1
[0.166s] gmake[1]: *** [CMakeFiles/Makefile2:137: CMakeFiles/exec_exp.dir/all] Error 2
[0.166s] gmake: *** [Makefile:146: all] Error 2
[0.168s] Invoked command in '/home/chathushka-sutd/ros2_ws_exp/build/exploration' returned '2': CMAKE_PREFIX_PATH=${CMAKE_PREFIX_PATH}:/home/chathushka-sutd/ros2_ws/install/my_package2:/opt/ros/humble /usr/bin/cmake --build /home/chathushka-sutd/ros2_ws_exp/build/exploration -- -j16 -l16
