[35m[1mConsolidate compiler generated dependencies of target exec_exp[0m
[ 66%] [32mBuilding CXX object CMakeFiles/exec_exp.dir/src/exploration_code.cpp.o[0m
[ 66%] [32mBuilding CXX object CMakeFiles/exec_exp.dir/src/exploration_node.cpp.o[0m
[01m[K/home/chathushka-sutd/ros2_ws_exp/src/exploration/src/exploration_code.cpp:[m[K In constructor â€˜[01m[Kexploration::MWFCN_Algo::MWFCN_Algo()[m[Kâ€™:
[01m[K/home/chathushka-sutd/ros2_ws_exp/src/exploration/src/exploration_code.cpp:64:30:[m[K [01;31m[Kerror: [m[Kinvalid use of member function â€˜[01m[Kstd::vector<_Tp, _Alloc>::size_type std::vector<_Tp, _Alloc>::size() const [with _Tp = signed char; _Alloc = std::allocator<signed char>; std::vector<_Tp, _Alloc>::size_type = long unsigned int][m[Kâ€™ (did you forget the â€˜[01m[K()[m[Kâ€™ ?)
   64 |         while ( [01;31m[KmapData.data.size[m[K < 1 ){   ros::Duration(0.1).sleep(); }
      |                 [01;31m[K~~~~~~~~~~~~~^~~~[m[K
      |                                  [32m[K()[m[K
[01m[K/home/chathushka-sutd/ros2_ws_exp/src/exploration/src/exploration_code.cpp:64:44:[m[K [01;31m[Kerror: [m[Kâ€˜[01m[Kros[m[Kâ€™ has not been declared
   64 |         while ( mapData.data.size < 1 ){   [01;31m[Kros[m[K::Duration(0.1).sleep(); }
      |                                            [01;31m[K^~~[m[K
[01m[K/home/chathushka-sutd/ros2_ws_exp/src/exploration/src/exploration_code.cpp:66:44:[m[K [01;31m[Kerror: [m[Kâ€˜[01m[Kros[m[Kâ€™ has not been declared
   66 |     while ( costmapData.data.size()<1)  {  [01;31m[Kros[m[K::spinOnce();  ros::Duration(0.1).sleep();}
      |                                            [01;31m[K^~~[m[K
[01m[K/home/chathushka-sutd/ros2_ws_exp/src/exploration/src/exploration_code.cpp:66:62:[m[K [01;31m[Kerror: [m[Kâ€˜[01m[Kros[m[Kâ€™ has not been declared
   66 |    while ( costmapData.data.size()<1)  {  ros::spinOnce();  [01;31m[Kros[m[K::Duration(0.1).sleep();}
      |                                                             [01;31m[K^~~[m[K

gmake[2]: *** [CMakeFiles/exec_exp.dir/build.make:76: CMakeFiles/exec_exp.dir/src/exploration_code.cpp.o] Error 1
gmake[1]: *** [CMakeFiles/Makefile2:137: CMakeFiles/exec_exp.dir/all] Error 2
gmake: *** [Makefile:146: all] Error 2
