[0.012s] Invoking command in '/home/chathushka-sutd/ros2_ws_exp/build/exploration': CMAKE_PREFIX_PATH=${CMAKE_PREFIX_PATH}:/home/chathushka-sutd/ros2_ws/install/my_package2:/opt/ros/humble /usr/bin/cmake --build /home/chathushka-sutd/ros2_ws_exp/build/exploration -- -j16 -l16
[0.036s] [35m[1mConsolidate compiler generated dependencies of target exec_exp[0m
[0.047s] [ 66%] [32mBuilding CXX object CMakeFiles/exec_exp.dir/src/exploration_node.cpp.o[0m
[0.047s] [ 66%] [32mBuilding CXX object CMakeFiles/exec_exp.dir/src/exploration_code.cpp.o[0m
[1.533s] [01m[K/home/chathushka-sutd/ros2_ws_exp/src/exploration/src/exploration_code.cpp:[m[K In constructor â€˜[01m[Kexploration::MWFCN_Algo::MWFCN_Algo()[m[Kâ€™:
[1.533s] [01m[K/home/chathushka-sutd/ros2_ws_exp/src/exploration/src/exploration_code.cpp:11:7:[m[K [01;35m[Kwarning: [m[Klist-initializer for non-class type must not be parenthesized
[1.533s]    11 |       [01;35m[Krotation_w({0.866,  0.500, 1.0})[m[K,
[1.533s]       |       [01;35m[K^~~~~~~~~~~~~~~~~~~~~~~~~~~~~~~~[m[K
[1.533s] [01m[K/home/chathushka-sutd/ros2_ws_exp/src/exploration/src/exploration_code.cpp:12:7:[m[K [01;35m[Kwarning: [m[Klist-initializer for non-class type must not be parenthesized
[1.533s]    12 |       [01;35m[Krotation_z({0.5  , -0.866, 0.0})[m[K
[1.533s]       |       [01;35m[K^~~~~~~~~~~~~~~~~~~~~~~~~~~~~~~~[m[K
[1.533s] [01m[K/home/chathushka-sutd/ros2_ws_exp/src/exploration/src/exploration_code.cpp:14:30:[m[K [01;31m[Kerror: [m[Kno matching function for call to â€˜[01m[Kto_string(const char*)[m[Kâ€™
[1.533s]    14 |       nodename=[01;31m[Kstd::to_string(MWFCN_Algo::get_name())[m[K;
[1.534s]       |                [01;31m[K~~~~~~~~~~~~~~^~~~~~~~~~~~~~~~~~~~~~~~[m[K
[1.534s] In file included from [01m[K/usr/include/c++/11/string:55[m[K,
[1.534s]                  from [01m[K/home/chathushka-sutd/ros2_ws_exp/src/exploration/include/exploration/exploration_code.hpp:3[m[K,
[1.534s]                  from [01m[K/home/chathushka-sutd/ros2_ws_exp/src/exploration/src/exploration_code.cpp:1[m[K:
[1.534s] [01m[K/usr/include/c++/11/bits/basic_string.h:6660:3:[m[K [01;36m[Knote: [m[Kcandidate: â€˜[01m[Kstd::string std::__cxx11::to_string(int)[m[Kâ€™ (near match)
[1.534s]  6660 |   [01;36m[Kto_string[m[K(int __val)
[1.534s]       |   [01;36m[K^~~~~~~~~[m[K
[1.534s] [01m[K/usr/include/c++/11/bits/basic_string.h:6660:3:[m[K [01;36m[Knote: [m[K  conversion of argument 1 would be ill-formed:
[1.534s] [01m[K/home/chathushka-sutd/ros2_ws_exp/src/exploration/src/exploration_code.cpp:14:51:[m[K [01;31m[Kerror: [m[Kinvalid conversion from â€˜[01m[Kconst char*[m[Kâ€™ to â€˜[01m[Kint[m[Kâ€™ [[01;31m[K]8;;https://gcc.gnu.org/onlinedocs/gcc/Warning-Options.html#index-fpermissive-fpermissive]8;;[m[K]
[1.534s]    14 |       nodename=std::to_string([01;31m[KMWFCN_Algo::get_name()[m[K);
[1.534s]       |                               [01;31m[K~~~~~~~~~~~~~~~~~~~~^~[m[K
[1.534s]       |                                                   [01;31m[K|[m[K
[1.534s]       |                                                   [01;31m[Kconst char*[m[K
[1.534s] In file included from [01m[K/usr/include/c++/11/string:55[m[K,
[1.534s]                  from [01m[K/home/chathushka-sutd/ros2_ws_exp/src/exploration/include/exploration/exploration_code.hpp:3[m[K,
[1.534s]                  from [01m[K/home/chathushka-sutd/ros2_ws_exp/src/exploration/src/exploration_code.cpp:1[m[K:
[1.534s] [01m[K/usr/include/c++/11/bits/basic_string.h:6671:3:[m[K [01;36m[Knote: [m[Kcandidate: â€˜[01m[Kstd::string std::__cxx11::to_string(unsigned int)[m[Kâ€™ (near match)
[1.534s]  6671 |   [01;36m[Kto_string[m[K(unsigned __val)
[1.534s]       |   [01;36m[K^~~~~~~~~[m[K
[1.534s] [01m[K/usr/include/c++/11/bits/basic_string.h:6671:3:[m[K [01;36m[Knote: [m[K  conversion of argument 1 would be ill-formed:
[1.535s] [01m[K/home/chathushka-sutd/ros2_ws_exp/src/exploration/src/exploration_code.cpp:14:51:[m[K [01;31m[Kerror: [m[Kinvalid conversion from â€˜[01m[Kconst char*[m[Kâ€™ to â€˜[01m[Kunsigned int[m[Kâ€™ [[01;31m[K]8;;https://gcc.gnu.org/onlinedocs/gcc/Warning-Options.html#index-fpermissive-fpermissive]8;;[m[K]
[1.535s]    14 |       nodename=std::to_string([01;31m[KMWFCN_Algo::get_name()[m[K);
[1.535s]       |                               [01;31m[K~~~~~~~~~~~~~~~~~~~~^~[m[K
[1.535s]       |                                                   [01;31m[K|[m[K
[1.535s]       |                                                   [01;31m[Kconst char*[m[K
[1.535s] In file included from [01m[K/usr/include/c++/11/string:55[m[K,
[1.535s]                  from [01m[K/home/chathushka-sutd/ros2_ws_exp/src/exploration/include/exploration/exploration_code.hpp:3[m[K,
[1.535s]                  from [01m[K/home/chathushka-sutd/ros2_ws_exp/src/exploration/src/exploration_code.cpp:1[m[K:
[1.535s] [01m[K/usr/include/c++/11/bits/basic_string.h:6679:3:[m[K [01;36m[Knote: [m[Kcandidate: â€˜[01m[Kstd::string std::__cxx11::to_string(long int)[m[Kâ€™ (near match)
[1.535s]  6679 |   [01;36m[Kto_string[m[K(long __val)
[1.535s]       |   [01;36m[K^~~~~~~~~[m[K
[1.535s] [01m[K/usr/include/c++/11/bits/basic_string.h:6679:3:[m[K [01;36m[Knote: [m[K  conversion of argument 1 would be ill-formed:
[1.535s] [01m[K/home/chathushka-sutd/ros2_ws_exp/src/exploration/src/exploration_code.cpp:14:51:[m[K [01;31m[Kerror: [m[Kinvalid conversion from â€˜[01m[Kconst char*[m[Kâ€™ to â€˜[01m[Klong int[m[Kâ€™ [[01;31m[K]8;;https://gcc.gnu.org/onlinedocs/gcc/Warning-Options.html#index-fpermissive-fpermissive]8;;[m[K]
[1.535s]    14 |       nodename=std::to_string([01;31m[KMWFCN_Algo::get_name()[m[K);
[1.535s]       |                               [01;31m[K~~~~~~~~~~~~~~~~~~~~^~[m[K
[1.535s]       |                                                   [01;31m[K|[m[K
[1.535s]       |                                                   [01;31m[Kconst char*[m[K
[1.535s] In file included from [01m[K/usr/include/c++/11/string:55[m[K,
[1.535s]                  from [01m[K/home/chathushka-sutd/ros2_ws_exp/src/exploration/include/exploration/exploration_code.hpp:3[m[K,
[1.536s]                  from [01m[K/home/chathushka-sutd/ros2_ws_exp/src/exploration/src/exploration_code.cpp:1[m[K:
[1.536s] [01m[K/usr/include/c++/11/bits/basic_string.h:6690:3:[m[K [01;36m[Knote: [m[Kcandidate: â€˜[01m[Kstd::string std::__cxx11::to_string(long unsigned int)[m[Kâ€™ (near match)
[1.536s]  6690 |   [01;36m[Kto_string[m[K(unsigned long __val)
[1.536s]       |   [01;36m[K^~~~~~~~~[m[K
[1.536s] [01m[K/usr/include/c++/11/bits/basic_string.h:6690:3:[m[K [01;36m[Knote: [m[K  conversion of argument 1 would be ill-formed:
[1.536s] [01m[K/home/chathushka-sutd/ros2_ws_exp/src/exploration/src/exploration_code.cpp:14:51:[m[K [01;31m[Kerror: [m[Kinvalid conversion from â€˜[01m[Kconst char*[m[Kâ€™ to â€˜[01m[Klong unsigned int[m[Kâ€™ [[01;31m[K]8;;https://gcc.gnu.org/onlinedocs/gcc/Warning-Options.html#index-fpermissive-fpermissive]8;;[m[K]
[1.536s]    14 |       nodename=std::to_string([01;31m[KMWFCN_Algo::get_name()[m[K);
[1.536s]       |                               [01;31m[K~~~~~~~~~~~~~~~~~~~~^~[m[K
[1.536s]       |                                                   [01;31m[K|[m[K
[1.536s]       |                                                   [01;31m[Kconst char*[m[K
[1.536s] In file included from [01m[K/usr/include/c++/11/string:55[m[K,
[1.536s]                  from [01m[K/home/chathushka-sutd/ros2_ws_exp/src/exploration/include/exploration/exploration_code.hpp:3[m[K,
[1.536s]                  from [01m[K/home/chathushka-sutd/ros2_ws_exp/src/exploration/src/exploration_code.cpp:1[m[K:
[1.536s] [01m[K/usr/include/c++/11/bits/basic_string.h:6698:3:[m[K [01;36m[Knote: [m[Kcandidate: â€˜[01m[Kstd::string std::__cxx11::to_string(long long int)[m[Kâ€™ (near match)
[1.536s]  6698 |   [01;36m[Kto_string[m[K(long long __val)
[1.536s]       |   [01;36m[K^~~~~~~~~[m[K
[1.536s] [01m[K/usr/include/c++/11/bits/basic_string.h:6698:3:[m[K [01;36m[Knote: [m[K  conversion of argument 1 would be ill-formed:
[1.536s] [01m[K/home/chathushka-sutd/ros2_ws_exp/src/exploration/src/exploration_code.cpp:14:51:[m[K [01;31m[Kerror: [m[Kinvalid conversion from â€˜[01m[Kconst char*[m[Kâ€™ to â€˜[01m[Klong long int[m[Kâ€™ [[01;31m[K]8;;https://gcc.gnu.org/onlinedocs/gcc/Warning-Options.html#index-fpermissive-fpermissive]8;;[m[K]
[1.536s]    14 |       nodename=std::to_string([01;31m[KMWFCN_Algo::get_name()[m[K);
[1.536s]       |                               [01;31m[K~~~~~~~~~~~~~~~~~~~~^~[m[K
[1.536s]       |                                                   [01;31m[K|[m[K
[1.537s]       |                                                   [01;31m[Kconst char*[m[K
[1.537s] In file included from [01m[K/usr/include/c++/11/string:55[m[K,
[1.537s]                  from [01m[K/home/chathushka-sutd/ros2_ws_exp/src/exploration/include/exploration/exploration_code.hpp:3[m[K,
[1.537s]                  from [01m[K/home/chathushka-sutd/ros2_ws_exp/src/exploration/src/exploration_code.cpp:1[m[K:
[1.537s] [01m[K/usr/include/c++/11/bits/basic_string.h:6710:3:[m[K [01;36m[Knote: [m[Kcandidate: â€˜[01m[Kstd::string std::__cxx11::to_string(long long unsigned int)[m[Kâ€™ (near match)
[1.537s]  6710 |   [01;36m[Kto_string[m[K(unsigned long long __val)
[1.537s]       |   [01;36m[K^~~~~~~~~[m[K
[1.537s] [01m[K/usr/include/c++/11/bits/basic_string.h:6710:3:[m[K [01;36m[Knote: [m[K  conversion of argument 1 would be ill-formed:
[1.537s] [01m[K/home/chathushka-sutd/ros2_ws_exp/src/exploration/src/exploration_code.cpp:14:51:[m[K [01;31m[Kerror: [m[Kinvalid conversion from â€˜[01m[Kconst char*[m[Kâ€™ to â€˜[01m[Klong long unsigned int[m[Kâ€™ [[01;31m[K]8;;https://gcc.gnu.org/onlinedocs/gcc/Warning-Options.html#index-fpermissive-fpermissive]8;;[m[K]
[1.537s]    14 |       nodename=std::to_string([01;31m[KMWFCN_Algo::get_name()[m[K);
[1.537s]       |                               [01;31m[K~~~~~~~~~~~~~~~~~~~~^~[m[K
[1.537s]       |                                                   [01;31m[K|[m[K
[1.537s]       |                                                   [01;31m[Kconst char*[m[K
[1.537s] [01m[K/home/chathushka-sutd/ros2_ws_exp/src/exploration/src/exploration_code.cpp:16:26:[m[K [01;31m[Kerror: [m[Kno matching function for call to â€˜[01m[Kexploration::MWFCN_Algo::get_parameter(std::__cxx11::basic_string<char>, std::string&, std::string)[m[Kâ€™
[1.537s]    16 |       [01;31m[Kthis->get_parameter(nodename+"/map_topic", map_topic, std::string("robot1/map"))[m[K;
[1.537s]       |       [01;31m[K~~~~~~~~~~~~~~~~~~~^~~~~~~~~~~~~~~~~~~~~~~~~~~~~~~~~~~~~~~~~~~~~~~~~~~~~~~~~~~~~[m[K
[1.537s] In file included from [01m[K/opt/ros/humble/include/rclcpp/rclcpp/executors/single_threaded_executor.hpp:28[m[K,
[1.537s]                  from [01m[K/opt/ros/humble/include/rclcpp/rclcpp/executors.hpp:22[m[K,
[1.537s]                  from [01m[K/opt/ros/humble/include/rclcpp/rclcpp/rclcpp.hpp:155[m[K,
[1.537s]                  from [01m[K/home/chathushka-sutd/ros2_ws_exp/src/exploration/include/exploration/exploration_code.hpp:5[m[K,
[1.537s]                  from [01m[K/home/chathushka-sutd/ros2_ws_exp/src/exploration/src/exploration_code.cpp:1[m[K:
[1.537s] [01m[K/opt/ros/humble/include/rclcpp/rclcpp/node.hpp:683:3:[m[K [01;36m[Knote: [m[Kcandidate: â€˜[01m[Ktemplate<class ParameterT> bool rclcpp::Node::get_parameter(const string&, ParameterT&) const[m[Kâ€™
[1.538s]   683 |   [01;36m[Kget_parameter[m[K(const std::string & name, ParameterT & parameter) const;
[1.538s]       |   [01;36m[K^~~~~~~~~~~~~[m[K
[1.538s] [01m[K/opt/ros/humble/include/rclcpp/rclcpp/node.hpp:683:3:[m[K [01;36m[Knote: [m[K  template argument deduction/substitution failed:
[1.538s] [01m[K/home/chathushka-sutd/ros2_ws_exp/src/exploration/src/exploration_code.cpp:16:26:[m[K [01;36m[Knote: [m[K  candidate expects 2 arguments, 3 provided
[1.538s]    16 |       [01;36m[Kthis->get_parameter(nodename+"/map_topic", map_topic, std::string("robot1/map"))[m[K;
[1.538s]       |       [01;36m[K~~~~~~~~~~~~~~~~~~~^~~~~~~~~~~~~~~~~~~~~~~~~~~~~~~~~~~~~~~~~~~~~~~~~~~~~~~~~~~~~[m[K
[1.538s] In file included from [01m[K/opt/ros/humble/include/rclcpp/rclcpp/executors/single_threaded_executor.hpp:28[m[K,
[1.538s]                  from [01m[K/opt/ros/humble/include/rclcpp/rclcpp/executors.hpp:22[m[K,
[1.538s]                  from [01m[K/opt/ros/humble/include/rclcpp/rclcpp/rclcpp.hpp:155[m[K,
[1.538s]                  from [01m[K/home/chathushka-sutd/ros2_ws_exp/src/exploration/include/exploration/exploration_code.hpp:5[m[K,
[1.538s]                  from [01m[K/home/chathushka-sutd/ros2_ws_exp/src/exploration/src/exploration_code.cpp:1[m[K:
[1.538s] [01m[K/opt/ros/humble/include/rclcpp/rclcpp/node.hpp:647:3:[m[K [01;36m[Knote: [m[Kcandidate: â€˜[01m[Krclcpp::Parameter rclcpp::Node::get_parameter(const string&) const[m[Kâ€™
[1.538s]   647 |   [01;36m[Kget_parameter[m[K(const std::string & name) const;
[1.538s]       |   [01;36m[K^~~~~~~~~~~~~[m[K
[1.538s] [01m[K/opt/ros/humble/include/rclcpp/rclcpp/node.hpp:647:3:[m[K [01;36m[Knote: [m[K  candidate expects 1 argument, 3 provided
[1.538s] [01m[K/opt/ros/humble/include/rclcpp/rclcpp/node.hpp:666:3:[m[K [01;36m[Knote: [m[Kcandidate: â€˜[01m[Kbool rclcpp::Node::get_parameter(const string&, rclcpp::Parameter&) const[m[Kâ€™
[1.538s]   666 |   [01;36m[Kget_parameter[m[K(const std::string & name, rclcpp::Parameter & parameter) const;
[1.538s]       |   [01;36m[K^~~~~~~~~~~~~[m[K
[1.538s] [01m[K/opt/ros/humble/include/rclcpp/rclcpp/node.hpp:666:3:[m[K [01;36m[Knote: [m[K  candidate expects 2 arguments, 3 provided
[2.082s] gmake[2]: *** [CMakeFiles/exec_exp.dir/build.make:76: CMakeFiles/exec_exp.dir/src/exploration_code.cpp.o] Error 1
[2.083s] gmake[1]: *** [CMakeFiles/Makefile2:137: CMakeFiles/exec_exp.dir/all] Error 2
[2.083s] gmake: *** [Makefile:146: all] Error 2
[2.084s] Invoked command in '/home/chathushka-sutd/ros2_ws_exp/build/exploration' returned '2': CMAKE_PREFIX_PATH=${CMAKE_PREFIX_PATH}:/home/chathushka-sutd/ros2_ws/install/my_package2:/opt/ros/humble /usr/bin/cmake --build /home/chathushka-sutd/ros2_ws_exp/build/exploration -- -j16 -l16
