[0.014s] Invoking command in '/home/chathushka-sutd/ros2_ws_exp/build/exploration': CMAKE_PREFIX_PATH=${CMAKE_PREFIX_PATH}:/home/chathushka-sutd/ros2_ws/install/my_package2:/opt/ros/humble /usr/bin/cmake --build /home/chathushka-sutd/ros2_ws_exp/build/exploration -- -j16 -l16
[0.040s] [35m[1mConsolidate compiler generated dependencies of target exec_exp[0m
[0.053s] [ 33%] [32mBuilding CXX object CMakeFiles/exec_exp.dir/src/exploration_code.cpp.o[0m
[1.739s] [01m[K/home/chathushka-sutd/ros2_ws_exp/src/exploration/src/exploration_code.cpp:[m[K In constructor â€˜[01m[Kexploration::MWFCN_Algo::MWFCN_Algo()[m[Kâ€™:
[1.739s] [01m[K/home/chathushka-sutd/ros2_ws_exp/src/exploration/src/exploration_code.cpp:48:107:[m[K [01;31m[Kerror: [m[Kâ€˜[01m[KmapCallBack[m[Kâ€™ is not a member of â€˜[01m[Kexploration::MWFCN_Algo[m[Kâ€™
[1.739s]    48 | create_subscription<nav_msgs::msg::OccupancyGrid>(map_topic, 10, std::bind(&MWFCN_Algo::[01;31m[KmapCallBack[m[K, this, _1));
[1.740s]       |                                                                                         [01;31m[K^~~~~~~~~~~[m[K
[1.740s] 
[1.740s] [01m[K/home/chathushka-sutd/ros2_ws_exp/src/exploration/src/exploration_code.cpp:48:126:[m[K [01;31m[Kerror: [m[Kâ€˜[01m[K_1[m[Kâ€™ was not declared in this scope; did you mean â€˜[01m[Kstd::placeholders::_1[m[Kâ€™?
[1.740s]    48 | iption<nav_msgs::msg::OccupancyGrid>(map_topic, 10, std::bind(&MWFCN_Algo::mapCallBack, this, [01;31m[K_1[m[K));
[1.740s]       |                                                                                               [01;31m[K^~[m[K
[1.740s]       |                                                                                               [32m[Kstd::placeholders::_1[m[K
[1.740s] In file included from [01m[K/usr/include/c++/11/pstl/glue_algorithm_defs.h:13[m[K,
[1.740s]                  from [01m[K/usr/include/c++/11/algorithm:74[m[K,
[1.740s]                  from [01m[K/opt/ros/humble/include/rclcpp/rclcpp/executor.hpp:18[m[K,
[1.740s]                  from [01m[K/opt/ros/humble/include/rclcpp/rclcpp/executors/multi_threaded_executor.hpp:25[m[K,
[1.740s]                  from [01m[K/opt/ros/humble/include/rclcpp/rclcpp/executors.hpp:21[m[K,
[1.741s]                  from [01m[K/opt/ros/humble/include/rclcpp/rclcpp/rclcpp.hpp:155[m[K,
[1.741s]                  from [01m[K/home/chathushka-sutd/ros2_ws_exp/src/exploration/include/exploration/exploration_code.hpp:5[m[K,
[1.741s]                  from [01m[K/home/chathushka-sutd/ros2_ws_exp/src/exploration/src/exploration_code.cpp:1[m[K:
[1.741s] [01m[K/usr/include/c++/11/functional:225:34:[m[K [01;36m[Knote: [m[Kâ€˜[01m[Kstd::placeholders::_1[m[Kâ€™ declared here
[1.741s]   225 |     extern const _Placeholder<1> [01;36m[K_1[m[K;
[1.741s]       |                                  [01;36m[K^~[m[K
[1.741s] [01m[K/home/chathushka-sutd/ros2_ws_exp/src/exploration/src/exploration_code.cpp:49:118:[m[K [01;31m[Kerror: [m[Kâ€˜[01m[KcostmapMergedCallBack[m[Kâ€™ is not a member of â€˜[01m[Kexploration::MWFCN_Algo[m[Kâ€™
[1.741s]    49 | te_subscription<nav_msgs::msg::OccupancyGrid>(costmap_topic, 20, std::bind(&MWFCN_Algo::[01;31m[KcostmapMergedCallBack[m[K, this, _1));
[1.741s]       |                                                                                         [01;31m[K^~~~~~~~~~~~~~~~~~~~~[m[K
[1.741s] 
[1.741s] [01m[K/home/chathushka-sutd/ros2_ws_exp/src/exploration/src/exploration_code.cpp:50:123:[m[K [01;31m[Kerror: [m[Kâ€˜[01m[KrvizCallBack[m[Kâ€™ is not a member of â€˜[01m[Kexploration::MWFCN_Algo[m[Kâ€™
[1.741s]    50 | cription<geometry_msgs::msg::PointStamped>("/clicked_point", 10, std::bind(&MWFCN_Algo::[01;31m[KrvizCallBack[m[K, this, _1));
[1.741s]       |                                                                                         [01;31m[K^~~~~~~~~~~~[m[K
[1.741s] 
[2.353s] gmake[2]: *** [CMakeFiles/exec_exp.dir/build.make:76: CMakeFiles/exec_exp.dir/src/exploration_code.cpp.o] Error 1
[2.353s] gmake[1]: *** [CMakeFiles/Makefile2:137: CMakeFiles/exec_exp.dir/all] Error 2
[2.353s] gmake: *** [Makefile:146: all] Error 2
[2.354s] Invoked command in '/home/chathushka-sutd/ros2_ws_exp/build/exploration' returned '2': CMAKE_PREFIX_PATH=${CMAKE_PREFIX_PATH}:/home/chathushka-sutd/ros2_ws/install/my_package2:/opt/ros/humble /usr/bin/cmake --build /home/chathushka-sutd/ros2_ws_exp/build/exploration -- -j16 -l16
