[0.013s] Invoking command in '/home/chathushka-sutd/ros2_ws_exp/build/exploration': CMAKE_PREFIX_PATH=${CMAKE_PREFIX_PATH}:/home/chathushka-sutd/ros2_ws/install/my_package2:/opt/ros/humble /usr/bin/cmake --build /home/chathushka-sutd/ros2_ws_exp/build/exploration -- -j16 -l16
[0.035s] [35m[1mConsolidate compiler generated dependencies of target exec_exp[0m
[0.046s] [ 66%] [32mBuilding CXX object CMakeFiles/exec_exp.dir/src/exploration_code.cpp.o[0m
[0.046s] [ 66%] [32mBuilding CXX object CMakeFiles/exec_exp.dir/src/exploration_node.cpp.o[0m
[1.575s] In file included from [01m[K/opt/ros/humble/include/rclcpp/rclcpp/logging.hpp:24[m[K,
[1.575s]                  from [01m[K/opt/ros/humble/include/rclcpp/rclcpp/client.hpp:40[m[K,
[1.575s]                  from [01m[K/opt/ros/humble/include/rclcpp/rclcpp/callback_group.hpp:24[m[K,
[1.575s]                  from [01m[K/opt/ros/humble/include/rclcpp/rclcpp/any_executable.hpp:20[m[K,
[1.575s]                  from [01m[K/opt/ros/humble/include/rclcpp/rclcpp/memory_strategy.hpp:25[m[K,
[1.575s]                  from [01m[K/opt/ros/humble/include/rclcpp/rclcpp/memory_strategies.hpp:18[m[K,
[1.575s]                  from [01m[K/opt/ros/humble/include/rclcpp/rclcpp/executor_options.hpp:20[m[K,
[1.575s]                  from [01m[K/opt/ros/humble/include/rclcpp/rclcpp/executor.hpp:37[m[K,
[1.575s]                  from [01m[K/opt/ros/humble/include/rclcpp/rclcpp/executors/multi_threaded_executor.hpp:25[m[K,
[1.575s]                  from [01m[K/opt/ros/humble/include/rclcpp/rclcpp/executors.hpp:21[m[K,
[1.575s]                  from [01m[K/opt/ros/humble/include/rclcpp/rclcpp/rclcpp.hpp:155[m[K,
[1.575s]                  from [01m[K/home/chathushka-sutd/ros2_ws_exp/src/exploration/include/exploration/exploration_code.hpp:5[m[K,
[1.575s]                  from [01m[K/home/chathushka-sutd/ros2_ws_exp/src/exploration/src/exploration_code.cpp:1[m[K:
[1.576s] [01m[K/home/chathushka-sutd/ros2_ws_exp/src/exploration/src/exploration_code.cpp:[m[K In member function â€˜[01m[Kvoid exploration::MWFCN_Algo::timer_callback()[m[Kâ€™:
[1.576s] [01m[K/home/chathushka-sutd/ros2_ws_exp/src/exploration/src/exploration_code.cpp:19:7:[m[K [01;31m[Kerror: [m[Kexpected primary-expression before â€˜[01m[K)[m[Kâ€™ token
[1.576s]    19 |       [01;31m[KRCLCPP_INFO[m[K(this->get_logger(), "Publishing:",);
[1.576s]       |       [01;31m[K^~~~~~~~~~~[m[K
[1.576s] [01m[K/home/chathushka-sutd/ros2_ws_exp/src/exploration/src/exploration_code.cpp:20:13:[m[K [01;35m[Kwarning: [m[Kformat not a string literal and no format arguments [[01;35m[K]8;;https://gcc.gnu.org/onlinedocs/gcc/Warning-Options.html#index-Wformat-security-Wformat-security]8;;[m[K]
[1.576s]    20 |       [01;35m[Kprintf(nodename)[m[K;
[1.576s]       |       [01;35m[K~~~~~~^~~~~~~~~~[m[K
[2.119s] gmake[2]: *** [CMakeFiles/exec_exp.dir/build.make:76: CMakeFiles/exec_exp.dir/src/exploration_code.cpp.o] Error 1
[2.119s] gmake[1]: *** [CMakeFiles/Makefile2:137: CMakeFiles/exec_exp.dir/all] Error 2
[2.119s] gmake: *** [Makefile:146: all] Error 2
[2.120s] Invoked command in '/home/chathushka-sutd/ros2_ws_exp/build/exploration' returned '2': CMAKE_PREFIX_PATH=${CMAKE_PREFIX_PATH}:/home/chathushka-sutd/ros2_ws/install/my_package2:/opt/ros/humble /usr/bin/cmake --build /home/chathushka-sutd/ros2_ws_exp/build/exploration -- -j16 -l16
