[0.013s] Invoking command in '/home/chathushka-sutd/ros2_ws_exp/build/exploration': CMAKE_PREFIX_PATH=${CMAKE_PREFIX_PATH}:/home/chathushka-sutd/ros2_ws/install/my_package2:/opt/ros/humble /usr/bin/cmake --build /home/chathushka-sutd/ros2_ws_exp/build/exploration -- -j16 -l16
[0.034s] [35m[1mConsolidate compiler generated dependencies of target exec_exp[0m
[0.046s] [ 33%] [32mBuilding CXX object CMakeFiles/exec_exp.dir/src/exploration_code.cpp.o[0m
[0.046s] [ 66%] [32mBuilding CXX object CMakeFiles/exec_exp.dir/src/exploration_node.cpp.o[0m
[1.571s] [01m[K/home/chathushka-sutd/ros2_ws_exp/src/exploration/src/exploration_code.cpp:[m[K In constructor â€˜[01m[Kexploration::MWFCN_Algo::MWFCN_Algo()[m[Kâ€™:
[1.571s] [01m[K/home/chathushka-sutd/ros2_ws_exp/src/exploration/src/exploration_code.cpp:11:7:[m[K [01;35m[Kwarning: [m[Klist-initializer for non-class type must not be parenthesized
[1.571s]    11 |       [01;35m[Krotation_w({0.866,  0.500, 1.0})[m[K,
[1.571s]       |       [01;35m[K^~~~~~~~~~~~~~~~~~~~~~~~~~~~~~~~[m[K
[1.571s] [01m[K/home/chathushka-sutd/ros2_ws_exp/src/exploration/src/exploration_code.cpp:12:7:[m[K [01;35m[Kwarning: [m[Klist-initializer for non-class type must not be parenthesized
[1.571s]    12 |       [01;35m[Krotation_z({0.5  , -0.866, 0.0})[m[K
[1.571s]       |       [01;35m[K^~~~~~~~~~~~~~~~~~~~~~~~~~~~~~~~[m[K
[1.571s] [01m[K/home/chathushka-sutd/ros2_ws_exp/src/exploration/src/exploration_code.cpp:16:13:[m[K [01;31m[Kerror: [m[Kâ€˜[01m[Kclass exploration::MWFCN_Algo[m[Kâ€™ has no member named â€˜[01m[Knode[m[Kâ€™; did you mean â€˜[01m[KNode[m[Kâ€™?
[1.571s]    16 |       this->[01;31m[Knode[m[K->get_parameter(nodename+"/map_topic", map_topic, std::string("robot1/map"));
[1.571s]       |             [01;31m[K^~~~[m[K
[1.571s]       |             [32m[KNode[m[K
[1.572s] [01m[K/home/chathushka-sutd/ros2_ws_exp/src/exploration/src/exploration_code.cpp:16:41:[m[K [01;31m[Kerror: [m[Kinvalid operands of types â€˜[01m[Kconst char*[m[Kâ€™ and â€˜[01m[Kconst char [11][m[Kâ€™ to binary â€˜[01m[Koperator+[m[Kâ€™
[1.572s]    16 |       this->node->get_parameter([32m[Knodename[m[K[01;31m[K+[m[K[34m[K"/map_topic"[m[K, map_topic, std::string("robot1/map"));
[1.572s]       |                                 [32m[K~~~~~~~~[m[K[01;31m[K^[m[K[34m[K~~~~~~~~~~~~[m[K
[1.572s]       |                                 [32m[K|[m[K        [34m[K|[m[K
[1.572s]       |                                 [32m[K|[m[K        [34m[Kconst char [11][m[K
[1.572s]       |                                 [32m[Kconst char*[m[K
[2.128s] gmake[2]: *** [CMakeFiles/exec_exp.dir/build.make:76: CMakeFiles/exec_exp.dir/src/exploration_code.cpp.o] Error 1
[2.128s] gmake[1]: *** [CMakeFiles/Makefile2:137: CMakeFiles/exec_exp.dir/all] Error 2
[2.128s] gmake: *** [Makefile:146: all] Error 2
[2.130s] Invoked command in '/home/chathushka-sutd/ros2_ws_exp/build/exploration' returned '2': CMAKE_PREFIX_PATH=${CMAKE_PREFIX_PATH}:/home/chathushka-sutd/ros2_ws/install/my_package2:/opt/ros/humble /usr/bin/cmake --build /home/chathushka-sutd/ros2_ws_exp/build/exploration -- -j16 -l16
